[2023-07-15T22:03:55.763+0000] {processor.py:157} INFO - Started process (PID=227) to work on /home/airflow/.local/lib/python3.7/site-packages/airflow/example_dags/example_nested_branch_dag.py
[2023-07-15T22:03:55.764+0000] {processor.py:826} INFO - Processing file /home/airflow/.local/lib/python3.7/site-packages/airflow/example_dags/example_nested_branch_dag.py for tasks to queue
[2023-07-15T22:03:55.775+0000] {logging_mixin.py:150} INFO - [2023-07-15T22:03:55.774+0000] {dagbag.py:541} INFO - Filling up the DagBag from /home/airflow/.local/lib/python3.7/site-packages/airflow/example_dags/example_nested_branch_dag.py
[2023-07-15T22:03:55.856+0000] {processor.py:836} INFO - DAG(s) dict_keys(['example_nested_branch_dag']) retrieved from /home/airflow/.local/lib/python3.7/site-packages/airflow/example_dags/example_nested_branch_dag.py
[2023-07-15T22:03:57.095+0000] {logging_mixin.py:150} INFO - [2023-07-15T22:03:57.063+0000] {manager.py:504} INFO - Created Permission View: can delete on DAG:example_nested_branch_dag
[2023-07-15T22:03:57.252+0000] {logging_mixin.py:150} INFO - [2023-07-15T22:03:57.252+0000] {manager.py:504} INFO - Created Permission View: can read on DAG:example_nested_branch_dag
[2023-07-15T22:03:57.295+0000] {logging_mixin.py:150} INFO - [2023-07-15T22:03:57.294+0000] {manager.py:504} INFO - Created Permission View: can edit on DAG:example_nested_branch_dag
[2023-07-15T22:03:57.555+0000] {logging_mixin.py:150} INFO - [2023-07-15T22:03:57.554+0000] {dag.py:2742} INFO - Sync 1 DAGs
[2023-07-15T22:03:57.807+0000] {logging_mixin.py:150} INFO - [2023-07-15T22:03:57.796+0000] {dag.py:2763} INFO - Creating ORM DAG for example_nested_branch_dag
[2023-07-15T22:03:57.935+0000] {logging_mixin.py:150} INFO - [2023-07-15T22:03:57.935+0000] {dag.py:3508} INFO - Setting next_dagrun for example_nested_branch_dag to 2023-07-14T00:00:00+00:00, run_after=2023-07-15T00:00:00+00:00
[2023-07-15T22:03:58.155+0000] {processor.py:179} INFO - Processing /home/airflow/.local/lib/python3.7/site-packages/airflow/example_dags/example_nested_branch_dag.py took 2.444 seconds
[2023-07-15T22:04:42.849+0000] {processor.py:157} INFO - Started process (PID=478) to work on /home/airflow/.local/lib/python3.7/site-packages/airflow/example_dags/example_nested_branch_dag.py
[2023-07-15T22:04:42.854+0000] {processor.py:826} INFO - Processing file /home/airflow/.local/lib/python3.7/site-packages/airflow/example_dags/example_nested_branch_dag.py for tasks to queue
[2023-07-15T22:04:42.855+0000] {logging_mixin.py:150} INFO - [2023-07-15T22:04:42.855+0000] {dagbag.py:541} INFO - Filling up the DagBag from /home/airflow/.local/lib/python3.7/site-packages/airflow/example_dags/example_nested_branch_dag.py
[2023-07-15T22:04:42.930+0000] {processor.py:836} INFO - DAG(s) dict_keys(['example_nested_branch_dag']) retrieved from /home/airflow/.local/lib/python3.7/site-packages/airflow/example_dags/example_nested_branch_dag.py
[2023-07-15T22:04:43.109+0000] {logging_mixin.py:150} INFO - [2023-07-15T22:04:43.109+0000] {dag.py:2742} INFO - Sync 1 DAGs
[2023-07-15T22:04:43.257+0000] {logging_mixin.py:150} INFO - [2023-07-15T22:04:43.256+0000] {dag.py:3508} INFO - Setting next_dagrun for example_nested_branch_dag to 2023-07-14T00:00:00+00:00, run_after=2023-07-15T00:00:00+00:00
[2023-07-15T22:04:43.401+0000] {processor.py:179} INFO - Processing /home/airflow/.local/lib/python3.7/site-packages/airflow/example_dags/example_nested_branch_dag.py took 0.585 seconds
[2023-07-15T22:05:13.540+0000] {processor.py:157} INFO - Started process (PID=720) to work on /home/airflow/.local/lib/python3.7/site-packages/airflow/example_dags/example_nested_branch_dag.py
[2023-07-15T22:05:13.558+0000] {processor.py:826} INFO - Processing file /home/airflow/.local/lib/python3.7/site-packages/airflow/example_dags/example_nested_branch_dag.py for tasks to queue
[2023-07-15T22:05:13.562+0000] {logging_mixin.py:150} INFO - [2023-07-15T22:05:13.559+0000] {dagbag.py:541} INFO - Filling up the DagBag from /home/airflow/.local/lib/python3.7/site-packages/airflow/example_dags/example_nested_branch_dag.py
[2023-07-15T22:05:13.645+0000] {processor.py:836} INFO - DAG(s) dict_keys(['example_nested_branch_dag']) retrieved from /home/airflow/.local/lib/python3.7/site-packages/airflow/example_dags/example_nested_branch_dag.py
[2023-07-15T22:05:13.717+0000] {logging_mixin.py:150} INFO - [2023-07-15T22:05:13.717+0000] {dag.py:2742} INFO - Sync 1 DAGs
[2023-07-15T22:05:13.784+0000] {logging_mixin.py:150} INFO - [2023-07-15T22:05:13.784+0000] {dag.py:3508} INFO - Setting next_dagrun for example_nested_branch_dag to 2023-07-14T00:00:00+00:00, run_after=2023-07-15T00:00:00+00:00
[2023-07-15T22:05:13.815+0000] {processor.py:179} INFO - Processing /home/airflow/.local/lib/python3.7/site-packages/airflow/example_dags/example_nested_branch_dag.py took 0.288 seconds
[2023-07-15T22:05:44.584+0000] {processor.py:157} INFO - Started process (PID=958) to work on /home/airflow/.local/lib/python3.7/site-packages/airflow/example_dags/example_nested_branch_dag.py
[2023-07-15T22:05:44.588+0000] {processor.py:826} INFO - Processing file /home/airflow/.local/lib/python3.7/site-packages/airflow/example_dags/example_nested_branch_dag.py for tasks to queue
[2023-07-15T22:05:44.589+0000] {logging_mixin.py:150} INFO - [2023-07-15T22:05:44.589+0000] {dagbag.py:541} INFO - Filling up the DagBag from /home/airflow/.local/lib/python3.7/site-packages/airflow/example_dags/example_nested_branch_dag.py
[2023-07-15T22:05:44.645+0000] {processor.py:836} INFO - DAG(s) dict_keys(['example_nested_branch_dag']) retrieved from /home/airflow/.local/lib/python3.7/site-packages/airflow/example_dags/example_nested_branch_dag.py
[2023-07-15T22:05:44.772+0000] {logging_mixin.py:150} INFO - [2023-07-15T22:05:44.771+0000] {dag.py:2742} INFO - Sync 1 DAGs
[2023-07-15T22:05:44.925+0000] {logging_mixin.py:150} INFO - [2023-07-15T22:05:44.925+0000] {dag.py:3508} INFO - Setting next_dagrun for example_nested_branch_dag to 2023-07-14T00:00:00+00:00, run_after=2023-07-15T00:00:00+00:00
[2023-07-15T22:05:45.003+0000] {processor.py:179} INFO - Processing /home/airflow/.local/lib/python3.7/site-packages/airflow/example_dags/example_nested_branch_dag.py took 0.436 seconds
