[2023-07-15T22:04:29.075+0000] {processor.py:157} INFO - Started process (PID=319) to work on /home/airflow/.local/lib/python3.7/site-packages/airflow/example_dags/example_dag_decorator.py
[2023-07-15T22:04:29.077+0000] {processor.py:826} INFO - Processing file /home/airflow/.local/lib/python3.7/site-packages/airflow/example_dags/example_dag_decorator.py for tasks to queue
[2023-07-15T22:04:29.079+0000] {logging_mixin.py:150} INFO - [2023-07-15T22:04:29.078+0000] {dagbag.py:541} INFO - Filling up the DagBag from /home/airflow/.local/lib/python3.7/site-packages/airflow/example_dags/example_dag_decorator.py
[2023-07-15T22:04:29.146+0000] {processor.py:836} INFO - DAG(s) dict_keys(['example_dag_decorator']) retrieved from /home/airflow/.local/lib/python3.7/site-packages/airflow/example_dags/example_dag_decorator.py
[2023-07-15T22:04:29.506+0000] {logging_mixin.py:150} INFO - [2023-07-15T22:04:29.505+0000] {manager.py:504} INFO - Created Permission View: can delete on DAG:example_dag_decorator
[2023-07-15T22:04:29.525+0000] {logging_mixin.py:150} INFO - [2023-07-15T22:04:29.525+0000] {manager.py:504} INFO - Created Permission View: can read on DAG:example_dag_decorator
[2023-07-15T22:04:29.542+0000] {logging_mixin.py:150} INFO - [2023-07-15T22:04:29.542+0000] {manager.py:504} INFO - Created Permission View: can edit on DAG:example_dag_decorator
[2023-07-15T22:04:29.587+0000] {logging_mixin.py:150} INFO - [2023-07-15T22:04:29.587+0000] {dag.py:2742} INFO - Sync 1 DAGs
[2023-07-15T22:04:29.623+0000] {logging_mixin.py:150} INFO - [2023-07-15T22:04:29.622+0000] {dag.py:2763} INFO - Creating ORM DAG for example_dag_decorator
[2023-07-15T22:04:29.656+0000] {logging_mixin.py:150} INFO - [2023-07-15T22:04:29.656+0000] {dag.py:3508} INFO - Setting next_dagrun for example_dag_decorator to None, run_after=None
[2023-07-15T22:04:29.700+0000] {processor.py:179} INFO - Processing /home/airflow/.local/lib/python3.7/site-packages/airflow/example_dags/example_dag_decorator.py took 0.647 seconds
[2023-07-15T22:05:00.090+0000] {processor.py:157} INFO - Started process (PID=562) to work on /home/airflow/.local/lib/python3.7/site-packages/airflow/example_dags/example_dag_decorator.py
[2023-07-15T22:05:00.091+0000] {processor.py:826} INFO - Processing file /home/airflow/.local/lib/python3.7/site-packages/airflow/example_dags/example_dag_decorator.py for tasks to queue
[2023-07-15T22:05:00.092+0000] {logging_mixin.py:150} INFO - [2023-07-15T22:05:00.092+0000] {dagbag.py:541} INFO - Filling up the DagBag from /home/airflow/.local/lib/python3.7/site-packages/airflow/example_dags/example_dag_decorator.py
[2023-07-15T22:05:00.117+0000] {processor.py:836} INFO - DAG(s) dict_keys(['example_dag_decorator']) retrieved from /home/airflow/.local/lib/python3.7/site-packages/airflow/example_dags/example_dag_decorator.py
[2023-07-15T22:05:00.418+0000] {logging_mixin.py:150} INFO - [2023-07-15T22:05:00.418+0000] {dag.py:2742} INFO - Sync 1 DAGs
[2023-07-15T22:05:00.447+0000] {logging_mixin.py:150} INFO - [2023-07-15T22:05:00.447+0000] {dag.py:3508} INFO - Setting next_dagrun for example_dag_decorator to None, run_after=None
[2023-07-15T22:05:00.475+0000] {processor.py:179} INFO - Processing /home/airflow/.local/lib/python3.7/site-packages/airflow/example_dags/example_dag_decorator.py took 0.389 seconds
[2023-07-15T22:05:30.994+0000] {processor.py:157} INFO - Started process (PID=806) to work on /home/airflow/.local/lib/python3.7/site-packages/airflow/example_dags/example_dag_decorator.py
[2023-07-15T22:05:30.996+0000] {processor.py:826} INFO - Processing file /home/airflow/.local/lib/python3.7/site-packages/airflow/example_dags/example_dag_decorator.py for tasks to queue
[2023-07-15T22:05:30.997+0000] {logging_mixin.py:150} INFO - [2023-07-15T22:05:30.997+0000] {dagbag.py:541} INFO - Filling up the DagBag from /home/airflow/.local/lib/python3.7/site-packages/airflow/example_dags/example_dag_decorator.py
[2023-07-15T22:05:31.021+0000] {processor.py:836} INFO - DAG(s) dict_keys(['example_dag_decorator']) retrieved from /home/airflow/.local/lib/python3.7/site-packages/airflow/example_dags/example_dag_decorator.py
[2023-07-15T22:05:31.438+0000] {logging_mixin.py:150} INFO - [2023-07-15T22:05:31.437+0000] {dag.py:2742} INFO - Sync 1 DAGs
[2023-07-15T22:05:31.502+0000] {logging_mixin.py:150} INFO - [2023-07-15T22:05:31.502+0000] {dag.py:3508} INFO - Setting next_dagrun for example_dag_decorator to None, run_after=None
[2023-07-15T22:05:31.529+0000] {processor.py:179} INFO - Processing /home/airflow/.local/lib/python3.7/site-packages/airflow/example_dags/example_dag_decorator.py took 0.539 seconds
[2023-07-15T22:06:06.762+0000] {processor.py:157} INFO - Started process (PID=1050) to work on /home/airflow/.local/lib/python3.7/site-packages/airflow/example_dags/example_dag_decorator.py
[2023-07-15T22:06:06.764+0000] {processor.py:826} INFO - Processing file /home/airflow/.local/lib/python3.7/site-packages/airflow/example_dags/example_dag_decorator.py for tasks to queue
[2023-07-15T22:06:06.765+0000] {logging_mixin.py:150} INFO - [2023-07-15T22:06:06.765+0000] {dagbag.py:541} INFO - Filling up the DagBag from /home/airflow/.local/lib/python3.7/site-packages/airflow/example_dags/example_dag_decorator.py
[2023-07-15T22:06:06.828+0000] {processor.py:836} INFO - DAG(s) dict_keys(['example_dag_decorator']) retrieved from /home/airflow/.local/lib/python3.7/site-packages/airflow/example_dags/example_dag_decorator.py
[2023-07-15T22:06:08.545+0000] {logging_mixin.py:150} INFO - [2023-07-15T22:06:08.545+0000] {dag.py:2742} INFO - Sync 1 DAGs
[2023-07-15T22:06:08.644+0000] {logging_mixin.py:150} INFO - [2023-07-15T22:06:08.644+0000] {dag.py:3508} INFO - Setting next_dagrun for example_dag_decorator to None, run_after=None
[2023-07-15T22:06:08.825+0000] {processor.py:179} INFO - Processing /home/airflow/.local/lib/python3.7/site-packages/airflow/example_dags/example_dag_decorator.py took 2.068 seconds
