[2023-07-15T22:04:11.194+0000] {processor.py:157} INFO - Started process (PID=294) to work on /home/airflow/.local/lib/python3.7/site-packages/airflow/example_dags/example_kubernetes_executor.py
[2023-07-15T22:04:11.196+0000] {processor.py:826} INFO - Processing file /home/airflow/.local/lib/python3.7/site-packages/airflow/example_dags/example_kubernetes_executor.py for tasks to queue
[2023-07-15T22:04:11.204+0000] {logging_mixin.py:150} INFO - [2023-07-15T22:04:11.203+0000] {dagbag.py:541} INFO - Filling up the DagBag from /home/airflow/.local/lib/python3.7/site-packages/airflow/example_dags/example_kubernetes_executor.py
[2023-07-15T22:04:26.436+0000] {processor.py:836} INFO - DAG(s) dict_keys(['example_kubernetes_executor']) retrieved from /home/airflow/.local/lib/python3.7/site-packages/airflow/example_dags/example_kubernetes_executor.py
[2023-07-15T22:04:27.559+0000] {logging_mixin.py:150} INFO - [2023-07-15T22:04:27.559+0000] {manager.py:504} INFO - Created Permission View: can delete on DAG:example_kubernetes_executor
[2023-07-15T22:04:27.646+0000] {logging_mixin.py:150} INFO - [2023-07-15T22:04:27.645+0000] {manager.py:504} INFO - Created Permission View: can read on DAG:example_kubernetes_executor
[2023-07-15T22:04:27.701+0000] {logging_mixin.py:150} INFO - [2023-07-15T22:04:27.700+0000] {manager.py:504} INFO - Created Permission View: can edit on DAG:example_kubernetes_executor
[2023-07-15T22:04:27.790+0000] {logging_mixin.py:150} INFO - [2023-07-15T22:04:27.790+0000] {dag.py:2742} INFO - Sync 1 DAGs
[2023-07-15T22:04:27.853+0000] {logging_mixin.py:150} INFO - [2023-07-15T22:04:27.853+0000] {dag.py:2763} INFO - Creating ORM DAG for example_kubernetes_executor
[2023-07-15T22:04:27.919+0000] {logging_mixin.py:150} INFO - [2023-07-15T22:04:27.918+0000] {dag.py:3508} INFO - Setting next_dagrun for example_kubernetes_executor to None, run_after=None
[2023-07-15T22:04:28.059+0000] {processor.py:179} INFO - Processing /home/airflow/.local/lib/python3.7/site-packages/airflow/example_dags/example_kubernetes_executor.py took 16.911 seconds
[2023-07-15T22:04:58.209+0000] {processor.py:157} INFO - Started process (PID=545) to work on /home/airflow/.local/lib/python3.7/site-packages/airflow/example_dags/example_kubernetes_executor.py
[2023-07-15T22:04:58.211+0000] {processor.py:826} INFO - Processing file /home/airflow/.local/lib/python3.7/site-packages/airflow/example_dags/example_kubernetes_executor.py for tasks to queue
[2023-07-15T22:04:58.211+0000] {logging_mixin.py:150} INFO - [2023-07-15T22:04:58.211+0000] {dagbag.py:541} INFO - Filling up the DagBag from /home/airflow/.local/lib/python3.7/site-packages/airflow/example_dags/example_kubernetes_executor.py
[2023-07-15T22:04:58.840+0000] {processor.py:836} INFO - DAG(s) dict_keys(['example_kubernetes_executor']) retrieved from /home/airflow/.local/lib/python3.7/site-packages/airflow/example_dags/example_kubernetes_executor.py
[2023-07-15T22:04:58.901+0000] {logging_mixin.py:150} INFO - [2023-07-15T22:04:58.901+0000] {dag.py:2742} INFO - Sync 1 DAGs
[2023-07-15T22:04:58.987+0000] {logging_mixin.py:150} INFO - [2023-07-15T22:04:58.987+0000] {dag.py:3508} INFO - Setting next_dagrun for example_kubernetes_executor to None, run_after=None
[2023-07-15T22:04:59.018+0000] {processor.py:179} INFO - Processing /home/airflow/.local/lib/python3.7/site-packages/airflow/example_dags/example_kubernetes_executor.py took 0.813 seconds
[2023-07-15T22:05:29.607+0000] {processor.py:157} INFO - Started process (PID=789) to work on /home/airflow/.local/lib/python3.7/site-packages/airflow/example_dags/example_kubernetes_executor.py
[2023-07-15T22:05:29.613+0000] {processor.py:826} INFO - Processing file /home/airflow/.local/lib/python3.7/site-packages/airflow/example_dags/example_kubernetes_executor.py for tasks to queue
[2023-07-15T22:05:29.614+0000] {logging_mixin.py:150} INFO - [2023-07-15T22:05:29.614+0000] {dagbag.py:541} INFO - Filling up the DagBag from /home/airflow/.local/lib/python3.7/site-packages/airflow/example_dags/example_kubernetes_executor.py
[2023-07-15T22:05:30.553+0000] {processor.py:836} INFO - DAG(s) dict_keys(['example_kubernetes_executor']) retrieved from /home/airflow/.local/lib/python3.7/site-packages/airflow/example_dags/example_kubernetes_executor.py
[2023-07-15T22:05:30.645+0000] {logging_mixin.py:150} INFO - [2023-07-15T22:05:30.644+0000] {dag.py:2742} INFO - Sync 1 DAGs
[2023-07-15T22:05:30.727+0000] {logging_mixin.py:150} INFO - [2023-07-15T22:05:30.726+0000] {dag.py:3508} INFO - Setting next_dagrun for example_kubernetes_executor to None, run_after=None
[2023-07-15T22:05:30.786+0000] {processor.py:179} INFO - Processing /home/airflow/.local/lib/python3.7/site-packages/airflow/example_dags/example_kubernetes_executor.py took 1.186 seconds
[2023-07-15T22:06:01.086+0000] {processor.py:157} INFO - Started process (PID=1032) to work on /home/airflow/.local/lib/python3.7/site-packages/airflow/example_dags/example_kubernetes_executor.py
[2023-07-15T22:06:01.090+0000] {processor.py:826} INFO - Processing file /home/airflow/.local/lib/python3.7/site-packages/airflow/example_dags/example_kubernetes_executor.py for tasks to queue
[2023-07-15T22:06:01.091+0000] {logging_mixin.py:150} INFO - [2023-07-15T22:06:01.090+0000] {dagbag.py:541} INFO - Filling up the DagBag from /home/airflow/.local/lib/python3.7/site-packages/airflow/example_dags/example_kubernetes_executor.py
[2023-07-15T22:06:02.500+0000] {processor.py:836} INFO - DAG(s) dict_keys(['example_kubernetes_executor']) retrieved from /home/airflow/.local/lib/python3.7/site-packages/airflow/example_dags/example_kubernetes_executor.py
[2023-07-15T22:06:05.025+0000] {logging_mixin.py:150} INFO - [2023-07-15T22:06:05.024+0000] {dag.py:2742} INFO - Sync 1 DAGs
[2023-07-15T22:06:05.298+0000] {logging_mixin.py:150} INFO - [2023-07-15T22:06:05.298+0000] {dag.py:3508} INFO - Setting next_dagrun for example_kubernetes_executor to None, run_after=None
[2023-07-15T22:06:05.566+0000] {processor.py:179} INFO - Processing /home/airflow/.local/lib/python3.7/site-packages/airflow/example_dags/example_kubernetes_executor.py took 4.498 seconds
