[2023-07-15T22:03:52.709+0000] {processor.py:157} INFO - Started process (PID=197) to work on /home/airflow/.local/lib/python3.7/site-packages/airflow/example_dags/example_dynamic_task_mapping.py
[2023-07-15T22:03:52.710+0000] {processor.py:826} INFO - Processing file /home/airflow/.local/lib/python3.7/site-packages/airflow/example_dags/example_dynamic_task_mapping.py for tasks to queue
[2023-07-15T22:03:52.711+0000] {logging_mixin.py:150} INFO - [2023-07-15T22:03:52.710+0000] {dagbag.py:541} INFO - Filling up the DagBag from /home/airflow/.local/lib/python3.7/site-packages/airflow/example_dags/example_dynamic_task_mapping.py
[2023-07-15T22:03:52.746+0000] {processor.py:836} INFO - DAG(s) dict_keys(['example_dynamic_task_mapping']) retrieved from /home/airflow/.local/lib/python3.7/site-packages/airflow/example_dags/example_dynamic_task_mapping.py
[2023-07-15T22:03:53.265+0000] {logging_mixin.py:150} INFO - [2023-07-15T22:03:53.264+0000] {manager.py:504} INFO - Created Permission View: can delete on DAG:example_dynamic_task_mapping
[2023-07-15T22:03:53.284+0000] {logging_mixin.py:150} INFO - [2023-07-15T22:03:53.284+0000] {manager.py:504} INFO - Created Permission View: can read on DAG:example_dynamic_task_mapping
[2023-07-15T22:03:53.301+0000] {logging_mixin.py:150} INFO - [2023-07-15T22:03:53.300+0000] {manager.py:504} INFO - Created Permission View: can edit on DAG:example_dynamic_task_mapping
[2023-07-15T22:03:53.351+0000] {logging_mixin.py:150} INFO - [2023-07-15T22:03:53.351+0000] {dag.py:2742} INFO - Sync 1 DAGs
[2023-07-15T22:03:53.396+0000] {logging_mixin.py:150} INFO - [2023-07-15T22:03:53.396+0000] {dag.py:2763} INFO - Creating ORM DAG for example_dynamic_task_mapping
[2023-07-15T22:03:53.424+0000] {logging_mixin.py:150} INFO - [2023-07-15T22:03:53.424+0000] {dag.py:3508} INFO - Setting next_dagrun for example_dynamic_task_mapping to 2022-03-04T00:00:00+00:00, run_after=2022-03-05T00:00:00+00:00
[2023-07-15T22:03:53.542+0000] {processor.py:179} INFO - Processing /home/airflow/.local/lib/python3.7/site-packages/airflow/example_dags/example_dynamic_task_mapping.py took 0.838 seconds
[2023-07-15T22:04:40.882+0000] {processor.py:157} INFO - Started process (PID=448) to work on /home/airflow/.local/lib/python3.7/site-packages/airflow/example_dags/example_dynamic_task_mapping.py
[2023-07-15T22:04:40.887+0000] {processor.py:826} INFO - Processing file /home/airflow/.local/lib/python3.7/site-packages/airflow/example_dags/example_dynamic_task_mapping.py for tasks to queue
[2023-07-15T22:04:40.888+0000] {logging_mixin.py:150} INFO - [2023-07-15T22:04:40.888+0000] {dagbag.py:541} INFO - Filling up the DagBag from /home/airflow/.local/lib/python3.7/site-packages/airflow/example_dags/example_dynamic_task_mapping.py
[2023-07-15T22:04:40.909+0000] {processor.py:836} INFO - DAG(s) dict_keys(['example_dynamic_task_mapping']) retrieved from /home/airflow/.local/lib/python3.7/site-packages/airflow/example_dags/example_dynamic_task_mapping.py
[2023-07-15T22:04:41.013+0000] {logging_mixin.py:150} INFO - [2023-07-15T22:04:41.012+0000] {dag.py:2742} INFO - Sync 1 DAGs
[2023-07-15T22:04:41.251+0000] {logging_mixin.py:150} INFO - [2023-07-15T22:04:41.251+0000] {dag.py:3508} INFO - Setting next_dagrun for example_dynamic_task_mapping to 2022-03-04T00:00:00+00:00, run_after=2022-03-05T00:00:00+00:00
[2023-07-15T22:04:41.301+0000] {processor.py:179} INFO - Processing /home/airflow/.local/lib/python3.7/site-packages/airflow/example_dags/example_dynamic_task_mapping.py took 0.423 seconds
[2023-07-15T22:05:12.096+0000] {processor.py:157} INFO - Started process (PID=687) to work on /home/airflow/.local/lib/python3.7/site-packages/airflow/example_dags/example_dynamic_task_mapping.py
[2023-07-15T22:05:12.101+0000] {processor.py:826} INFO - Processing file /home/airflow/.local/lib/python3.7/site-packages/airflow/example_dags/example_dynamic_task_mapping.py for tasks to queue
[2023-07-15T22:05:12.102+0000] {logging_mixin.py:150} INFO - [2023-07-15T22:05:12.102+0000] {dagbag.py:541} INFO - Filling up the DagBag from /home/airflow/.local/lib/python3.7/site-packages/airflow/example_dags/example_dynamic_task_mapping.py
[2023-07-15T22:05:12.161+0000] {processor.py:836} INFO - DAG(s) dict_keys(['example_dynamic_task_mapping']) retrieved from /home/airflow/.local/lib/python3.7/site-packages/airflow/example_dags/example_dynamic_task_mapping.py
[2023-07-15T22:05:12.233+0000] {logging_mixin.py:150} INFO - [2023-07-15T22:05:12.233+0000] {dag.py:2742} INFO - Sync 1 DAGs
[2023-07-15T22:05:12.304+0000] {logging_mixin.py:150} INFO - [2023-07-15T22:05:12.304+0000] {dag.py:3508} INFO - Setting next_dagrun for example_dynamic_task_mapping to 2022-03-04T00:00:00+00:00, run_after=2022-03-05T00:00:00+00:00
[2023-07-15T22:05:12.351+0000] {processor.py:179} INFO - Processing /home/airflow/.local/lib/python3.7/site-packages/airflow/example_dags/example_dynamic_task_mapping.py took 0.271 seconds
[2023-07-15T22:05:42.626+0000] {processor.py:157} INFO - Started process (PID=930) to work on /home/airflow/.local/lib/python3.7/site-packages/airflow/example_dags/example_dynamic_task_mapping.py
[2023-07-15T22:05:42.628+0000] {processor.py:826} INFO - Processing file /home/airflow/.local/lib/python3.7/site-packages/airflow/example_dags/example_dynamic_task_mapping.py for tasks to queue
[2023-07-15T22:05:42.630+0000] {logging_mixin.py:150} INFO - [2023-07-15T22:05:42.629+0000] {dagbag.py:541} INFO - Filling up the DagBag from /home/airflow/.local/lib/python3.7/site-packages/airflow/example_dags/example_dynamic_task_mapping.py
[2023-07-15T22:05:42.646+0000] {processor.py:836} INFO - DAG(s) dict_keys(['example_dynamic_task_mapping']) retrieved from /home/airflow/.local/lib/python3.7/site-packages/airflow/example_dags/example_dynamic_task_mapping.py
[2023-07-15T22:05:42.859+0000] {logging_mixin.py:150} INFO - [2023-07-15T22:05:42.859+0000] {dag.py:2742} INFO - Sync 1 DAGs
[2023-07-15T22:05:42.974+0000] {logging_mixin.py:150} INFO - [2023-07-15T22:05:42.974+0000] {dag.py:3508} INFO - Setting next_dagrun for example_dynamic_task_mapping to 2022-03-04T00:00:00+00:00, run_after=2022-03-05T00:00:00+00:00
[2023-07-15T22:05:43.131+0000] {processor.py:179} INFO - Processing /home/airflow/.local/lib/python3.7/site-packages/airflow/example_dags/example_dynamic_task_mapping.py took 0.521 seconds
[2023-07-15T22:10:23.182+0000] {processor.py:157} INFO - Started process (PID=204) to work on /home/airflow/.local/lib/python3.7/site-packages/airflow/example_dags/example_dynamic_task_mapping.py
[2023-07-15T22:10:23.219+0000] {processor.py:826} INFO - Processing file /home/airflow/.local/lib/python3.7/site-packages/airflow/example_dags/example_dynamic_task_mapping.py for tasks to queue
[2023-07-15T22:10:23.221+0000] {logging_mixin.py:150} INFO - [2023-07-15T22:10:23.220+0000] {dagbag.py:541} INFO - Filling up the DagBag from /home/airflow/.local/lib/python3.7/site-packages/airflow/example_dags/example_dynamic_task_mapping.py
[2023-07-15T22:10:23.433+0000] {processor.py:836} INFO - DAG(s) dict_keys(['example_dynamic_task_mapping']) retrieved from /home/airflow/.local/lib/python3.7/site-packages/airflow/example_dags/example_dynamic_task_mapping.py
[2023-07-15T22:10:24.154+0000] {logging_mixin.py:150} INFO - [2023-07-15T22:10:24.154+0000] {dag.py:2742} INFO - Sync 1 DAGs
[2023-07-15T22:10:24.452+0000] {logging_mixin.py:150} INFO - [2023-07-15T22:10:24.452+0000] {dag.py:3508} INFO - Setting next_dagrun for example_dynamic_task_mapping to 2022-03-04T00:00:00+00:00, run_after=2022-03-05T00:00:00+00:00
[2023-07-15T22:10:24.785+0000] {processor.py:179} INFO - Processing /home/airflow/.local/lib/python3.7/site-packages/airflow/example_dags/example_dynamic_task_mapping.py took 1.648 seconds
