[2023-07-15T22:03:49.288+0000] {processor.py:157} INFO - Started process (PID=172) to work on /home/airflow/.local/lib/python3.7/site-packages/airflow/example_dags/example_task_group.py
[2023-07-15T22:03:49.290+0000] {processor.py:826} INFO - Processing file /home/airflow/.local/lib/python3.7/site-packages/airflow/example_dags/example_task_group.py for tasks to queue
[2023-07-15T22:03:49.291+0000] {logging_mixin.py:150} INFO - [2023-07-15T22:03:49.290+0000] {dagbag.py:541} INFO - Filling up the DagBag from /home/airflow/.local/lib/python3.7/site-packages/airflow/example_dags/example_task_group.py
[2023-07-15T22:03:49.313+0000] {processor.py:836} INFO - DAG(s) dict_keys(['example_task_group']) retrieved from /home/airflow/.local/lib/python3.7/site-packages/airflow/example_dags/example_task_group.py
[2023-07-15T22:03:50.998+0000] {logging_mixin.py:150} INFO - [2023-07-15T22:03:50.997+0000] {manager.py:504} INFO - Created Permission View: can delete on DAG:example_task_group
[2023-07-15T22:03:51.032+0000] {logging_mixin.py:150} INFO - [2023-07-15T22:03:51.032+0000] {manager.py:504} INFO - Created Permission View: can read on DAG:example_task_group
[2023-07-15T22:03:51.045+0000] {logging_mixin.py:150} INFO - [2023-07-15T22:03:51.045+0000] {manager.py:504} INFO - Created Permission View: can edit on DAG:example_task_group
[2023-07-15T22:03:51.075+0000] {logging_mixin.py:150} INFO - [2023-07-15T22:03:51.075+0000] {dag.py:2742} INFO - Sync 1 DAGs
[2023-07-15T22:03:51.111+0000] {logging_mixin.py:150} INFO - [2023-07-15T22:03:51.110+0000] {dag.py:2763} INFO - Creating ORM DAG for example_task_group
[2023-07-15T22:03:51.145+0000] {logging_mixin.py:150} INFO - [2023-07-15T22:03:51.145+0000] {dag.py:3508} INFO - Setting next_dagrun for example_task_group to 2023-07-14T22:03:51.144863+00:00, run_after=2023-07-15T22:03:51.144863+00:00
[2023-07-15T22:03:51.195+0000] {processor.py:179} INFO - Processing /home/airflow/.local/lib/python3.7/site-packages/airflow/example_dags/example_task_group.py took 1.913 seconds
[2023-07-15T22:04:37.959+0000] {processor.py:157} INFO - Started process (PID=423) to work on /home/airflow/.local/lib/python3.7/site-packages/airflow/example_dags/example_task_group.py
[2023-07-15T22:04:37.969+0000] {processor.py:826} INFO - Processing file /home/airflow/.local/lib/python3.7/site-packages/airflow/example_dags/example_task_group.py for tasks to queue
[2023-07-15T22:04:37.989+0000] {logging_mixin.py:150} INFO - [2023-07-15T22:04:37.989+0000] {dagbag.py:541} INFO - Filling up the DagBag from /home/airflow/.local/lib/python3.7/site-packages/airflow/example_dags/example_task_group.py
[2023-07-15T22:04:38.063+0000] {processor.py:836} INFO - DAG(s) dict_keys(['example_task_group']) retrieved from /home/airflow/.local/lib/python3.7/site-packages/airflow/example_dags/example_task_group.py
[2023-07-15T22:04:38.215+0000] {logging_mixin.py:150} INFO - [2023-07-15T22:04:38.202+0000] {dag.py:2742} INFO - Sync 1 DAGs
[2023-07-15T22:04:38.327+0000] {logging_mixin.py:150} INFO - [2023-07-15T22:04:38.327+0000] {dag.py:3508} INFO - Setting next_dagrun for example_task_group to 2023-07-14T22:04:38.326866+00:00, run_after=2023-07-15T22:04:38.326866+00:00
[2023-07-15T22:04:38.443+0000] {processor.py:179} INFO - Processing /home/airflow/.local/lib/python3.7/site-packages/airflow/example_dags/example_task_group.py took 0.505 seconds
[2023-07-15T22:05:09.190+0000] {processor.py:157} INFO - Started process (PID=662) to work on /home/airflow/.local/lib/python3.7/site-packages/airflow/example_dags/example_task_group.py
[2023-07-15T22:05:09.195+0000] {processor.py:826} INFO - Processing file /home/airflow/.local/lib/python3.7/site-packages/airflow/example_dags/example_task_group.py for tasks to queue
[2023-07-15T22:05:09.201+0000] {logging_mixin.py:150} INFO - [2023-07-15T22:05:09.199+0000] {dagbag.py:541} INFO - Filling up the DagBag from /home/airflow/.local/lib/python3.7/site-packages/airflow/example_dags/example_task_group.py
[2023-07-15T22:05:09.214+0000] {processor.py:836} INFO - DAG(s) dict_keys(['example_task_group']) retrieved from /home/airflow/.local/lib/python3.7/site-packages/airflow/example_dags/example_task_group.py
[2023-07-15T22:05:09.258+0000] {logging_mixin.py:150} INFO - [2023-07-15T22:05:09.258+0000] {dag.py:2742} INFO - Sync 1 DAGs
[2023-07-15T22:05:09.420+0000] {logging_mixin.py:150} INFO - [2023-07-15T22:05:09.420+0000] {dag.py:3508} INFO - Setting next_dagrun for example_task_group to 2023-07-14T22:05:09.414938+00:00, run_after=2023-07-15T22:05:09.414938+00:00
[2023-07-15T22:05:09.496+0000] {processor.py:179} INFO - Processing /home/airflow/.local/lib/python3.7/site-packages/airflow/example_dags/example_task_group.py took 0.324 seconds
[2023-07-15T22:05:40.063+0000] {processor.py:157} INFO - Started process (PID=899) to work on /home/airflow/.local/lib/python3.7/site-packages/airflow/example_dags/example_task_group.py
[2023-07-15T22:05:40.068+0000] {processor.py:826} INFO - Processing file /home/airflow/.local/lib/python3.7/site-packages/airflow/example_dags/example_task_group.py for tasks to queue
[2023-07-15T22:05:40.070+0000] {logging_mixin.py:150} INFO - [2023-07-15T22:05:40.069+0000] {dagbag.py:541} INFO - Filling up the DagBag from /home/airflow/.local/lib/python3.7/site-packages/airflow/example_dags/example_task_group.py
[2023-07-15T22:05:40.101+0000] {processor.py:836} INFO - DAG(s) dict_keys(['example_task_group']) retrieved from /home/airflow/.local/lib/python3.7/site-packages/airflow/example_dags/example_task_group.py
[2023-07-15T22:05:40.237+0000] {logging_mixin.py:150} INFO - [2023-07-15T22:05:40.236+0000] {dag.py:2742} INFO - Sync 1 DAGs
[2023-07-15T22:05:40.423+0000] {logging_mixin.py:150} INFO - [2023-07-15T22:05:40.422+0000] {dag.py:3508} INFO - Setting next_dagrun for example_task_group to 2023-07-14T22:05:40.420201+00:00, run_after=2023-07-15T22:05:40.420201+00:00
[2023-07-15T22:05:40.583+0000] {processor.py:179} INFO - Processing /home/airflow/.local/lib/python3.7/site-packages/airflow/example_dags/example_task_group.py took 0.527 seconds
[2023-07-15T22:06:13.546+0000] {processor.py:157} INFO - Started process (PID=1100) to work on /home/airflow/.local/lib/python3.7/site-packages/airflow/example_dags/example_task_group.py
[2023-07-15T22:06:13.556+0000] {processor.py:826} INFO - Processing file /home/airflow/.local/lib/python3.7/site-packages/airflow/example_dags/example_task_group.py for tasks to queue
[2023-07-15T22:06:13.557+0000] {logging_mixin.py:150} INFO - [2023-07-15T22:06:13.557+0000] {dagbag.py:541} INFO - Filling up the DagBag from /home/airflow/.local/lib/python3.7/site-packages/airflow/example_dags/example_task_group.py
[2023-07-15T22:06:13.657+0000] {processor.py:836} INFO - DAG(s) dict_keys(['example_task_group']) retrieved from /home/airflow/.local/lib/python3.7/site-packages/airflow/example_dags/example_task_group.py
[2023-07-15T22:06:14.066+0000] {logging_mixin.py:150} INFO - [2023-07-15T22:06:14.066+0000] {dag.py:2742} INFO - Sync 1 DAGs
[2023-07-15T22:06:14.259+0000] {logging_mixin.py:150} INFO - [2023-07-15T22:06:14.259+0000] {dag.py:3508} INFO - Setting next_dagrun for example_task_group to 2023-07-14T22:06:14.259233+00:00, run_after=2023-07-15T22:06:14.259233+00:00
[2023-07-15T22:06:14.356+0000] {processor.py:179} INFO - Processing /home/airflow/.local/lib/python3.7/site-packages/airflow/example_dags/example_task_group.py took 0.839 seconds
[2023-07-15T22:10:18.507+0000] {processor.py:157} INFO - Started process (PID=179) to work on /home/airflow/.local/lib/python3.7/site-packages/airflow/example_dags/example_task_group.py
[2023-07-15T22:10:18.520+0000] {processor.py:826} INFO - Processing file /home/airflow/.local/lib/python3.7/site-packages/airflow/example_dags/example_task_group.py for tasks to queue
[2023-07-15T22:10:18.521+0000] {logging_mixin.py:150} INFO - [2023-07-15T22:10:18.521+0000] {dagbag.py:541} INFO - Filling up the DagBag from /home/airflow/.local/lib/python3.7/site-packages/airflow/example_dags/example_task_group.py
[2023-07-15T22:10:18.670+0000] {processor.py:836} INFO - DAG(s) dict_keys(['example_task_group']) retrieved from /home/airflow/.local/lib/python3.7/site-packages/airflow/example_dags/example_task_group.py
[2023-07-15T22:10:19.113+0000] {logging_mixin.py:150} INFO - [2023-07-15T22:10:19.112+0000] {dag.py:2742} INFO - Sync 1 DAGs
[2023-07-15T22:10:19.206+0000] {logging_mixin.py:150} INFO - [2023-07-15T22:10:19.206+0000] {dag.py:3508} INFO - Setting next_dagrun for example_task_group to 2023-07-14T22:10:19.206018+00:00, run_after=2023-07-15T22:10:19.206018+00:00
[2023-07-15T22:10:19.604+0000] {processor.py:179} INFO - Processing /home/airflow/.local/lib/python3.7/site-packages/airflow/example_dags/example_task_group.py took 1.125 seconds
