[2023-07-15T22:04:31.085+0000] {processor.py:157} INFO - Started process (PID=344) to work on /home/airflow/.local/lib/python3.7/site-packages/airflow/example_dags/example_task_group_decorator.py
[2023-07-15T22:04:31.086+0000] {processor.py:826} INFO - Processing file /home/airflow/.local/lib/python3.7/site-packages/airflow/example_dags/example_task_group_decorator.py for tasks to queue
[2023-07-15T22:04:31.088+0000] {logging_mixin.py:150} INFO - [2023-07-15T22:04:31.087+0000] {dagbag.py:541} INFO - Filling up the DagBag from /home/airflow/.local/lib/python3.7/site-packages/airflow/example_dags/example_task_group_decorator.py
[2023-07-15T22:04:31.142+0000] {processor.py:836} INFO - DAG(s) dict_keys(['example_task_group_decorator']) retrieved from /home/airflow/.local/lib/python3.7/site-packages/airflow/example_dags/example_task_group_decorator.py
[2023-07-15T22:04:31.415+0000] {logging_mixin.py:150} INFO - [2023-07-15T22:04:31.415+0000] {manager.py:504} INFO - Created Permission View: can delete on DAG:example_task_group_decorator
[2023-07-15T22:04:31.472+0000] {logging_mixin.py:150} INFO - [2023-07-15T22:04:31.471+0000] {manager.py:504} INFO - Created Permission View: can read on DAG:example_task_group_decorator
[2023-07-15T22:04:31.503+0000] {logging_mixin.py:150} INFO - [2023-07-15T22:04:31.502+0000] {manager.py:504} INFO - Created Permission View: can edit on DAG:example_task_group_decorator
[2023-07-15T22:04:31.588+0000] {logging_mixin.py:150} INFO - [2023-07-15T22:04:31.587+0000] {dag.py:2742} INFO - Sync 1 DAGs
[2023-07-15T22:04:31.657+0000] {logging_mixin.py:150} INFO - [2023-07-15T22:04:31.656+0000] {dag.py:2763} INFO - Creating ORM DAG for example_task_group_decorator
[2023-07-15T22:04:31.696+0000] {logging_mixin.py:150} INFO - [2023-07-15T22:04:31.696+0000] {dag.py:3508} INFO - Setting next_dagrun for example_task_group_decorator to 2023-07-14T22:04:31.695796+00:00, run_after=2023-07-15T22:04:31.695796+00:00
[2023-07-15T22:04:31.759+0000] {processor.py:179} INFO - Processing /home/airflow/.local/lib/python3.7/site-packages/airflow/example_dags/example_task_group_decorator.py took 0.689 seconds
[2023-07-15T22:05:01.819+0000] {processor.py:157} INFO - Started process (PID=585) to work on /home/airflow/.local/lib/python3.7/site-packages/airflow/example_dags/example_task_group_decorator.py
[2023-07-15T22:05:01.821+0000] {processor.py:826} INFO - Processing file /home/airflow/.local/lib/python3.7/site-packages/airflow/example_dags/example_task_group_decorator.py for tasks to queue
[2023-07-15T22:05:01.822+0000] {logging_mixin.py:150} INFO - [2023-07-15T22:05:01.821+0000] {dagbag.py:541} INFO - Filling up the DagBag from /home/airflow/.local/lib/python3.7/site-packages/airflow/example_dags/example_task_group_decorator.py
[2023-07-15T22:05:01.844+0000] {processor.py:836} INFO - DAG(s) dict_keys(['example_task_group_decorator']) retrieved from /home/airflow/.local/lib/python3.7/site-packages/airflow/example_dags/example_task_group_decorator.py
[2023-07-15T22:05:01.902+0000] {logging_mixin.py:150} INFO - [2023-07-15T22:05:01.902+0000] {dag.py:2742} INFO - Sync 1 DAGs
[2023-07-15T22:05:01.967+0000] {logging_mixin.py:150} INFO - [2023-07-15T22:05:01.965+0000] {dag.py:3508} INFO - Setting next_dagrun for example_task_group_decorator to 2023-07-14T22:05:01.964544+00:00, run_after=2023-07-15T22:05:01.964544+00:00
[2023-07-15T22:05:02.036+0000] {processor.py:179} INFO - Processing /home/airflow/.local/lib/python3.7/site-packages/airflow/example_dags/example_task_group_decorator.py took 0.222 seconds
[2023-07-15T22:05:33.394+0000] {processor.py:157} INFO - Started process (PID=832) to work on /home/airflow/.local/lib/python3.7/site-packages/airflow/example_dags/example_task_group_decorator.py
[2023-07-15T22:05:33.413+0000] {processor.py:826} INFO - Processing file /home/airflow/.local/lib/python3.7/site-packages/airflow/example_dags/example_task_group_decorator.py for tasks to queue
[2023-07-15T22:05:33.414+0000] {logging_mixin.py:150} INFO - [2023-07-15T22:05:33.414+0000] {dagbag.py:541} INFO - Filling up the DagBag from /home/airflow/.local/lib/python3.7/site-packages/airflow/example_dags/example_task_group_decorator.py
[2023-07-15T22:05:33.542+0000] {processor.py:836} INFO - DAG(s) dict_keys(['example_task_group_decorator']) retrieved from /home/airflow/.local/lib/python3.7/site-packages/airflow/example_dags/example_task_group_decorator.py
[2023-07-15T22:05:33.665+0000] {logging_mixin.py:150} INFO - [2023-07-15T22:05:33.664+0000] {dag.py:2742} INFO - Sync 1 DAGs
[2023-07-15T22:05:33.787+0000] {logging_mixin.py:150} INFO - [2023-07-15T22:05:33.780+0000] {dag.py:3508} INFO - Setting next_dagrun for example_task_group_decorator to 2023-07-14T22:05:33.780067+00:00, run_after=2023-07-15T22:05:33.780067+00:00
[2023-07-15T22:05:33.863+0000] {processor.py:179} INFO - Processing /home/airflow/.local/lib/python3.7/site-packages/airflow/example_dags/example_task_group_decorator.py took 0.489 seconds
[2023-07-15T22:06:10.916+0000] {processor.py:157} INFO - Started process (PID=1075) to work on /home/airflow/.local/lib/python3.7/site-packages/airflow/example_dags/example_task_group_decorator.py
[2023-07-15T22:06:10.921+0000] {processor.py:826} INFO - Processing file /home/airflow/.local/lib/python3.7/site-packages/airflow/example_dags/example_task_group_decorator.py for tasks to queue
[2023-07-15T22:06:10.935+0000] {logging_mixin.py:150} INFO - [2023-07-15T22:06:10.931+0000] {dagbag.py:541} INFO - Filling up the DagBag from /home/airflow/.local/lib/python3.7/site-packages/airflow/example_dags/example_task_group_decorator.py
[2023-07-15T22:06:11.121+0000] {processor.py:836} INFO - DAG(s) dict_keys(['example_task_group_decorator']) retrieved from /home/airflow/.local/lib/python3.7/site-packages/airflow/example_dags/example_task_group_decorator.py
[2023-07-15T22:06:11.609+0000] {logging_mixin.py:150} INFO - [2023-07-15T22:06:11.609+0000] {dag.py:2742} INFO - Sync 1 DAGs
[2023-07-15T22:06:11.778+0000] {logging_mixin.py:150} INFO - [2023-07-15T22:06:11.778+0000] {dag.py:3508} INFO - Setting next_dagrun for example_task_group_decorator to 2023-07-14T22:06:11.777922+00:00, run_after=2023-07-15T22:06:11.777922+00:00
[2023-07-15T22:06:11.978+0000] {processor.py:179} INFO - Processing /home/airflow/.local/lib/python3.7/site-packages/airflow/example_dags/example_task_group_decorator.py took 1.100 seconds
