[2023-07-15T22:04:31.869+0000] {processor.py:157} INFO - Started process (PID=350) to work on /home/airflow/.local/lib/python3.7/site-packages/airflow/example_dags/example_complex.py
[2023-07-15T22:04:31.870+0000] {processor.py:826} INFO - Processing file /home/airflow/.local/lib/python3.7/site-packages/airflow/example_dags/example_complex.py for tasks to queue
[2023-07-15T22:04:31.871+0000] {logging_mixin.py:150} INFO - [2023-07-15T22:04:31.871+0000] {dagbag.py:541} INFO - Filling up the DagBag from /home/airflow/.local/lib/python3.7/site-packages/airflow/example_dags/example_complex.py
[2023-07-15T22:04:31.920+0000] {processor.py:836} INFO - DAG(s) dict_keys(['example_complex']) retrieved from /home/airflow/.local/lib/python3.7/site-packages/airflow/example_dags/example_complex.py
[2023-07-15T22:04:32.748+0000] {logging_mixin.py:150} INFO - [2023-07-15T22:04:32.748+0000] {manager.py:504} INFO - Created Permission View: can delete on DAG:example_complex
[2023-07-15T22:04:32.810+0000] {logging_mixin.py:150} INFO - [2023-07-15T22:04:32.810+0000] {manager.py:504} INFO - Created Permission View: can read on DAG:example_complex
[2023-07-15T22:04:32.890+0000] {logging_mixin.py:150} INFO - [2023-07-15T22:04:32.885+0000] {manager.py:504} INFO - Created Permission View: can edit on DAG:example_complex
[2023-07-15T22:04:32.962+0000] {logging_mixin.py:150} INFO - [2023-07-15T22:04:32.960+0000] {dag.py:2742} INFO - Sync 1 DAGs
[2023-07-15T22:04:32.996+0000] {logging_mixin.py:150} INFO - [2023-07-15T22:04:32.996+0000] {dag.py:2763} INFO - Creating ORM DAG for example_complex
[2023-07-15T22:04:33.105+0000] {logging_mixin.py:150} INFO - [2023-07-15T22:04:33.101+0000] {dag.py:3508} INFO - Setting next_dagrun for example_complex to None, run_after=None
[2023-07-15T22:04:33.316+0000] {processor.py:179} INFO - Processing /home/airflow/.local/lib/python3.7/site-packages/airflow/example_dags/example_complex.py took 1.461 seconds
[2023-07-15T22:05:04.188+0000] {processor.py:157} INFO - Started process (PID=600) to work on /home/airflow/.local/lib/python3.7/site-packages/airflow/example_dags/example_complex.py
[2023-07-15T22:05:04.190+0000] {processor.py:826} INFO - Processing file /home/airflow/.local/lib/python3.7/site-packages/airflow/example_dags/example_complex.py for tasks to queue
[2023-07-15T22:05:04.191+0000] {logging_mixin.py:150} INFO - [2023-07-15T22:05:04.190+0000] {dagbag.py:541} INFO - Filling up the DagBag from /home/airflow/.local/lib/python3.7/site-packages/airflow/example_dags/example_complex.py
[2023-07-15T22:05:04.203+0000] {processor.py:836} INFO - DAG(s) dict_keys(['example_complex']) retrieved from /home/airflow/.local/lib/python3.7/site-packages/airflow/example_dags/example_complex.py
[2023-07-15T22:05:04.253+0000] {logging_mixin.py:150} INFO - [2023-07-15T22:05:04.252+0000] {dag.py:2742} INFO - Sync 1 DAGs
[2023-07-15T22:05:04.328+0000] {logging_mixin.py:150} INFO - [2023-07-15T22:05:04.328+0000] {dag.py:3508} INFO - Setting next_dagrun for example_complex to None, run_after=None
[2023-07-15T22:05:04.362+0000] {processor.py:179} INFO - Processing /home/airflow/.local/lib/python3.7/site-packages/airflow/example_dags/example_complex.py took 0.178 seconds
[2023-07-15T22:05:35.032+0000] {processor.py:157} INFO - Started process (PID=844) to work on /home/airflow/.local/lib/python3.7/site-packages/airflow/example_dags/example_complex.py
[2023-07-15T22:05:35.040+0000] {processor.py:826} INFO - Processing file /home/airflow/.local/lib/python3.7/site-packages/airflow/example_dags/example_complex.py for tasks to queue
[2023-07-15T22:05:35.041+0000] {logging_mixin.py:150} INFO - [2023-07-15T22:05:35.041+0000] {dagbag.py:541} INFO - Filling up the DagBag from /home/airflow/.local/lib/python3.7/site-packages/airflow/example_dags/example_complex.py
[2023-07-15T22:05:35.092+0000] {processor.py:836} INFO - DAG(s) dict_keys(['example_complex']) retrieved from /home/airflow/.local/lib/python3.7/site-packages/airflow/example_dags/example_complex.py
[2023-07-15T22:05:35.349+0000] {logging_mixin.py:150} INFO - [2023-07-15T22:05:35.349+0000] {dag.py:2742} INFO - Sync 1 DAGs
[2023-07-15T22:05:35.481+0000] {logging_mixin.py:150} INFO - [2023-07-15T22:05:35.481+0000] {dag.py:3508} INFO - Setting next_dagrun for example_complex to None, run_after=None
[2023-07-15T22:05:35.574+0000] {processor.py:179} INFO - Processing /home/airflow/.local/lib/python3.7/site-packages/airflow/example_dags/example_complex.py took 0.561 seconds
[2023-07-15T22:06:11.322+0000] {processor.py:157} INFO - Started process (PID=1080) to work on /home/airflow/.local/lib/python3.7/site-packages/airflow/example_dags/example_complex.py
[2023-07-15T22:06:11.333+0000] {processor.py:826} INFO - Processing file /home/airflow/.local/lib/python3.7/site-packages/airflow/example_dags/example_complex.py for tasks to queue
[2023-07-15T22:06:11.335+0000] {logging_mixin.py:150} INFO - [2023-07-15T22:06:11.334+0000] {dagbag.py:541} INFO - Filling up the DagBag from /home/airflow/.local/lib/python3.7/site-packages/airflow/example_dags/example_complex.py
[2023-07-15T22:06:11.443+0000] {processor.py:836} INFO - DAG(s) dict_keys(['example_complex']) retrieved from /home/airflow/.local/lib/python3.7/site-packages/airflow/example_dags/example_complex.py
[2023-07-15T22:06:12.324+0000] {logging_mixin.py:150} INFO - [2023-07-15T22:06:12.324+0000] {dag.py:2742} INFO - Sync 1 DAGs
[2023-07-15T22:06:12.411+0000] {logging_mixin.py:150} INFO - [2023-07-15T22:06:12.410+0000] {dag.py:3508} INFO - Setting next_dagrun for example_complex to None, run_after=None
[2023-07-15T22:06:12.736+0000] {processor.py:179} INFO - Processing /home/airflow/.local/lib/python3.7/site-packages/airflow/example_dags/example_complex.py took 1.433 seconds
