[2023-07-15T22:03:53.592+0000] {processor.py:157} INFO - Started process (PID=202) to work on /home/airflow/.local/lib/python3.7/site-packages/airflow/example_dags/example_external_task_marker_dag.py
[2023-07-15T22:03:53.593+0000] {processor.py:826} INFO - Processing file /home/airflow/.local/lib/python3.7/site-packages/airflow/example_dags/example_external_task_marker_dag.py for tasks to queue
[2023-07-15T22:03:53.595+0000] {logging_mixin.py:150} INFO - [2023-07-15T22:03:53.595+0000] {dagbag.py:541} INFO - Filling up the DagBag from /home/airflow/.local/lib/python3.7/site-packages/airflow/example_dags/example_external_task_marker_dag.py
[2023-07-15T22:03:53.695+0000] {processor.py:836} INFO - DAG(s) dict_keys(['example_external_task_marker_child', 'example_external_task_marker_parent']) retrieved from /home/airflow/.local/lib/python3.7/site-packages/airflow/example_dags/example_external_task_marker_dag.py
[2023-07-15T22:03:54.165+0000] {logging_mixin.py:150} INFO - [2023-07-15T22:03:54.164+0000] {manager.py:504} INFO - Created Permission View: can delete on DAG:example_external_task_marker_child
[2023-07-15T22:03:54.188+0000] {logging_mixin.py:150} INFO - [2023-07-15T22:03:54.188+0000] {manager.py:504} INFO - Created Permission View: can read on DAG:example_external_task_marker_child
[2023-07-15T22:03:54.214+0000] {logging_mixin.py:150} INFO - [2023-07-15T22:03:54.214+0000] {manager.py:504} INFO - Created Permission View: can edit on DAG:example_external_task_marker_child
[2023-07-15T22:03:54.410+0000] {logging_mixin.py:150} INFO - [2023-07-15T22:03:54.409+0000] {manager.py:504} INFO - Created Permission View: can delete on DAG:example_external_task_marker_parent
[2023-07-15T22:03:54.437+0000] {logging_mixin.py:150} INFO - [2023-07-15T22:03:54.436+0000] {manager.py:504} INFO - Created Permission View: can read on DAG:example_external_task_marker_parent
[2023-07-15T22:03:54.465+0000] {logging_mixin.py:150} INFO - [2023-07-15T22:03:54.465+0000] {manager.py:504} INFO - Created Permission View: can edit on DAG:example_external_task_marker_parent
[2023-07-15T22:03:54.489+0000] {logging_mixin.py:150} INFO - [2023-07-15T22:03:54.489+0000] {dag.py:2742} INFO - Sync 2 DAGs
[2023-07-15T22:03:54.531+0000] {logging_mixin.py:150} INFO - [2023-07-15T22:03:54.531+0000] {dag.py:2763} INFO - Creating ORM DAG for example_external_task_marker_child
[2023-07-15T22:03:54.534+0000] {logging_mixin.py:150} INFO - [2023-07-15T22:03:54.533+0000] {dag.py:2763} INFO - Creating ORM DAG for example_external_task_marker_parent
[2023-07-15T22:03:54.559+0000] {logging_mixin.py:150} INFO - [2023-07-15T22:03:54.559+0000] {dag.py:3508} INFO - Setting next_dagrun for example_external_task_marker_child to None, run_after=None
[2023-07-15T22:03:54.560+0000] {logging_mixin.py:150} INFO - [2023-07-15T22:03:54.560+0000] {dag.py:3508} INFO - Setting next_dagrun for example_external_task_marker_parent to None, run_after=None
[2023-07-15T22:03:54.604+0000] {processor.py:179} INFO - Processing /home/airflow/.local/lib/python3.7/site-packages/airflow/example_dags/example_external_task_marker_dag.py took 1.027 seconds
[2023-07-15T22:04:41.383+0000] {processor.py:157} INFO - Started process (PID=453) to work on /home/airflow/.local/lib/python3.7/site-packages/airflow/example_dags/example_external_task_marker_dag.py
[2023-07-15T22:04:41.391+0000] {processor.py:826} INFO - Processing file /home/airflow/.local/lib/python3.7/site-packages/airflow/example_dags/example_external_task_marker_dag.py for tasks to queue
[2023-07-15T22:04:41.405+0000] {logging_mixin.py:150} INFO - [2023-07-15T22:04:41.405+0000] {dagbag.py:541} INFO - Filling up the DagBag from /home/airflow/.local/lib/python3.7/site-packages/airflow/example_dags/example_external_task_marker_dag.py
[2023-07-15T22:04:41.426+0000] {processor.py:836} INFO - DAG(s) dict_keys(['example_external_task_marker_parent', 'example_external_task_marker_child']) retrieved from /home/airflow/.local/lib/python3.7/site-packages/airflow/example_dags/example_external_task_marker_dag.py
[2023-07-15T22:04:41.538+0000] {logging_mixin.py:150} INFO - [2023-07-15T22:04:41.537+0000] {dag.py:2742} INFO - Sync 2 DAGs
[2023-07-15T22:04:41.682+0000] {logging_mixin.py:150} INFO - [2023-07-15T22:04:41.682+0000] {dag.py:3508} INFO - Setting next_dagrun for example_external_task_marker_child to None, run_after=None
[2023-07-15T22:04:41.701+0000] {logging_mixin.py:150} INFO - [2023-07-15T22:04:41.701+0000] {dag.py:3508} INFO - Setting next_dagrun for example_external_task_marker_parent to None, run_after=None
[2023-07-15T22:04:41.783+0000] {processor.py:179} INFO - Processing /home/airflow/.local/lib/python3.7/site-packages/airflow/example_dags/example_external_task_marker_dag.py took 0.421 seconds
[2023-07-15T22:05:12.108+0000] {processor.py:157} INFO - Started process (PID=689) to work on /home/airflow/.local/lib/python3.7/site-packages/airflow/example_dags/example_external_task_marker_dag.py
[2023-07-15T22:05:12.109+0000] {processor.py:826} INFO - Processing file /home/airflow/.local/lib/python3.7/site-packages/airflow/example_dags/example_external_task_marker_dag.py for tasks to queue
[2023-07-15T22:05:12.110+0000] {logging_mixin.py:150} INFO - [2023-07-15T22:05:12.110+0000] {dagbag.py:541} INFO - Filling up the DagBag from /home/airflow/.local/lib/python3.7/site-packages/airflow/example_dags/example_external_task_marker_dag.py
[2023-07-15T22:05:12.145+0000] {processor.py:836} INFO - DAG(s) dict_keys(['example_external_task_marker_parent', 'example_external_task_marker_child']) retrieved from /home/airflow/.local/lib/python3.7/site-packages/airflow/example_dags/example_external_task_marker_dag.py
[2023-07-15T22:05:12.236+0000] {logging_mixin.py:150} INFO - [2023-07-15T22:05:12.236+0000] {dag.py:2742} INFO - Sync 2 DAGs
[2023-07-15T22:05:12.299+0000] {logging_mixin.py:150} INFO - [2023-07-15T22:05:12.299+0000] {dag.py:3508} INFO - Setting next_dagrun for example_external_task_marker_child to None, run_after=None
[2023-07-15T22:05:12.304+0000] {logging_mixin.py:150} INFO - [2023-07-15T22:05:12.304+0000] {dag.py:3508} INFO - Setting next_dagrun for example_external_task_marker_parent to None, run_after=None
[2023-07-15T22:05:12.397+0000] {processor.py:179} INFO - Processing /home/airflow/.local/lib/python3.7/site-packages/airflow/example_dags/example_external_task_marker_dag.py took 0.319 seconds
[2023-07-15T22:05:42.739+0000] {processor.py:157} INFO - Started process (PID=933) to work on /home/airflow/.local/lib/python3.7/site-packages/airflow/example_dags/example_external_task_marker_dag.py
[2023-07-15T22:05:42.761+0000] {processor.py:826} INFO - Processing file /home/airflow/.local/lib/python3.7/site-packages/airflow/example_dags/example_external_task_marker_dag.py for tasks to queue
[2023-07-15T22:05:42.771+0000] {logging_mixin.py:150} INFO - [2023-07-15T22:05:42.770+0000] {dagbag.py:541} INFO - Filling up the DagBag from /home/airflow/.local/lib/python3.7/site-packages/airflow/example_dags/example_external_task_marker_dag.py
[2023-07-15T22:05:42.834+0000] {processor.py:836} INFO - DAG(s) dict_keys(['example_external_task_marker_child', 'example_external_task_marker_parent']) retrieved from /home/airflow/.local/lib/python3.7/site-packages/airflow/example_dags/example_external_task_marker_dag.py
[2023-07-15T22:05:43.041+0000] {logging_mixin.py:150} INFO - [2023-07-15T22:05:43.037+0000] {dag.py:2742} INFO - Sync 2 DAGs
[2023-07-15T22:05:43.192+0000] {logging_mixin.py:150} INFO - [2023-07-15T22:05:43.192+0000] {dag.py:3508} INFO - Setting next_dagrun for example_external_task_marker_child to None, run_after=None
[2023-07-15T22:05:43.216+0000] {logging_mixin.py:150} INFO - [2023-07-15T22:05:43.208+0000] {dag.py:3508} INFO - Setting next_dagrun for example_external_task_marker_parent to None, run_after=None
[2023-07-15T22:05:43.322+0000] {processor.py:179} INFO - Processing /home/airflow/.local/lib/python3.7/site-packages/airflow/example_dags/example_external_task_marker_dag.py took 0.630 seconds
[2023-07-15T22:10:25.004+0000] {processor.py:157} INFO - Started process (PID=209) to work on /home/airflow/.local/lib/python3.7/site-packages/airflow/example_dags/example_external_task_marker_dag.py
[2023-07-15T22:10:25.014+0000] {processor.py:826} INFO - Processing file /home/airflow/.local/lib/python3.7/site-packages/airflow/example_dags/example_external_task_marker_dag.py for tasks to queue
[2023-07-15T22:10:25.015+0000] {logging_mixin.py:150} INFO - [2023-07-15T22:10:25.015+0000] {dagbag.py:541} INFO - Filling up the DagBag from /home/airflow/.local/lib/python3.7/site-packages/airflow/example_dags/example_external_task_marker_dag.py
[2023-07-15T22:10:25.129+0000] {processor.py:836} INFO - DAG(s) dict_keys(['example_external_task_marker_child', 'example_external_task_marker_parent']) retrieved from /home/airflow/.local/lib/python3.7/site-packages/airflow/example_dags/example_external_task_marker_dag.py
[2023-07-15T22:10:26.204+0000] {logging_mixin.py:150} INFO - [2023-07-15T22:10:26.199+0000] {dag.py:2742} INFO - Sync 2 DAGs
[2023-07-15T22:10:26.333+0000] {logging_mixin.py:150} INFO - [2023-07-15T22:10:26.333+0000] {dag.py:3508} INFO - Setting next_dagrun for example_external_task_marker_child to None, run_after=None
[2023-07-15T22:10:26.345+0000] {logging_mixin.py:150} INFO - [2023-07-15T22:10:26.344+0000] {dag.py:3508} INFO - Setting next_dagrun for example_external_task_marker_parent to None, run_after=None
[2023-07-15T22:10:26.546+0000] {processor.py:179} INFO - Processing /home/airflow/.local/lib/python3.7/site-packages/airflow/example_dags/example_external_task_marker_dag.py took 1.582 seconds
