[2023-07-15T22:04:31.934+0000] {processor.py:157} INFO - Started process (PID=354) to work on /home/airflow/.local/lib/python3.7/site-packages/airflow/example_dags/example_dynamic_task_mapping_with_no_taskflow_operators.py
[2023-07-15T22:04:31.936+0000] {processor.py:826} INFO - Processing file /home/airflow/.local/lib/python3.7/site-packages/airflow/example_dags/example_dynamic_task_mapping_with_no_taskflow_operators.py for tasks to queue
[2023-07-15T22:04:31.944+0000] {logging_mixin.py:150} INFO - [2023-07-15T22:04:31.941+0000] {dagbag.py:541} INFO - Filling up the DagBag from /home/airflow/.local/lib/python3.7/site-packages/airflow/example_dags/example_dynamic_task_mapping_with_no_taskflow_operators.py
[2023-07-15T22:04:32.052+0000] {processor.py:836} INFO - DAG(s) dict_keys(['example_dynamic_task_mapping_with_no_taskflow_operators']) retrieved from /home/airflow/.local/lib/python3.7/site-packages/airflow/example_dags/example_dynamic_task_mapping_with_no_taskflow_operators.py
[2023-07-15T22:04:32.501+0000] {logging_mixin.py:150} INFO - [2023-07-15T22:04:32.501+0000] {manager.py:504} INFO - Created Permission View: can delete on DAG:example_dynamic_task_mapping_with_no_taskflow_operators
[2023-07-15T22:04:32.577+0000] {logging_mixin.py:150} INFO - [2023-07-15T22:04:32.577+0000] {manager.py:504} INFO - Created Permission View: can read on DAG:example_dynamic_task_mapping_with_no_taskflow_operators
[2023-07-15T22:04:32.649+0000] {logging_mixin.py:150} INFO - [2023-07-15T22:04:32.645+0000] {manager.py:504} INFO - Created Permission View: can edit on DAG:example_dynamic_task_mapping_with_no_taskflow_operators
[2023-07-15T22:04:32.733+0000] {logging_mixin.py:150} INFO - [2023-07-15T22:04:32.733+0000] {dag.py:2742} INFO - Sync 1 DAGs
[2023-07-15T22:04:32.864+0000] {logging_mixin.py:150} INFO - [2023-07-15T22:04:32.864+0000] {dag.py:2763} INFO - Creating ORM DAG for example_dynamic_task_mapping_with_no_taskflow_operators
[2023-07-15T22:04:32.916+0000] {logging_mixin.py:150} INFO - [2023-07-15T22:04:32.916+0000] {dag.py:3508} INFO - Setting next_dagrun for example_dynamic_task_mapping_with_no_taskflow_operators to 2023-07-14T22:04:32.915860+00:00, run_after=2023-07-15T22:04:32.915860+00:00
[2023-07-15T22:04:32.978+0000] {processor.py:179} INFO - Processing /home/airflow/.local/lib/python3.7/site-packages/airflow/example_dags/example_dynamic_task_mapping_with_no_taskflow_operators.py took 1.068 seconds
[2023-07-15T22:05:03.175+0000] {processor.py:157} INFO - Started process (PID=595) to work on /home/airflow/.local/lib/python3.7/site-packages/airflow/example_dags/example_dynamic_task_mapping_with_no_taskflow_operators.py
[2023-07-15T22:05:03.177+0000] {processor.py:826} INFO - Processing file /home/airflow/.local/lib/python3.7/site-packages/airflow/example_dags/example_dynamic_task_mapping_with_no_taskflow_operators.py for tasks to queue
[2023-07-15T22:05:03.178+0000] {logging_mixin.py:150} INFO - [2023-07-15T22:05:03.178+0000] {dagbag.py:541} INFO - Filling up the DagBag from /home/airflow/.local/lib/python3.7/site-packages/airflow/example_dags/example_dynamic_task_mapping_with_no_taskflow_operators.py
[2023-07-15T22:05:03.190+0000] {processor.py:836} INFO - DAG(s) dict_keys(['example_dynamic_task_mapping_with_no_taskflow_operators']) retrieved from /home/airflow/.local/lib/python3.7/site-packages/airflow/example_dags/example_dynamic_task_mapping_with_no_taskflow_operators.py
[2023-07-15T22:05:03.225+0000] {logging_mixin.py:150} INFO - [2023-07-15T22:05:03.224+0000] {dag.py:2742} INFO - Sync 1 DAGs
[2023-07-15T22:05:03.253+0000] {logging_mixin.py:150} INFO - [2023-07-15T22:05:03.253+0000] {dag.py:3508} INFO - Setting next_dagrun for example_dynamic_task_mapping_with_no_taskflow_operators to 2023-07-14T22:05:03.253366+00:00, run_after=2023-07-15T22:05:03.253366+00:00
[2023-07-15T22:05:03.275+0000] {processor.py:179} INFO - Processing /home/airflow/.local/lib/python3.7/site-packages/airflow/example_dags/example_dynamic_task_mapping_with_no_taskflow_operators.py took 0.105 seconds
[2023-07-15T22:05:33.981+0000] {processor.py:157} INFO - Started process (PID=839) to work on /home/airflow/.local/lib/python3.7/site-packages/airflow/example_dags/example_dynamic_task_mapping_with_no_taskflow_operators.py
[2023-07-15T22:05:33.986+0000] {processor.py:826} INFO - Processing file /home/airflow/.local/lib/python3.7/site-packages/airflow/example_dags/example_dynamic_task_mapping_with_no_taskflow_operators.py for tasks to queue
[2023-07-15T22:05:33.992+0000] {logging_mixin.py:150} INFO - [2023-07-15T22:05:33.991+0000] {dagbag.py:541} INFO - Filling up the DagBag from /home/airflow/.local/lib/python3.7/site-packages/airflow/example_dags/example_dynamic_task_mapping_with_no_taskflow_operators.py
[2023-07-15T22:05:34.016+0000] {processor.py:836} INFO - DAG(s) dict_keys(['example_dynamic_task_mapping_with_no_taskflow_operators']) retrieved from /home/airflow/.local/lib/python3.7/site-packages/airflow/example_dags/example_dynamic_task_mapping_with_no_taskflow_operators.py
[2023-07-15T22:05:34.091+0000] {logging_mixin.py:150} INFO - [2023-07-15T22:05:34.091+0000] {dag.py:2742} INFO - Sync 1 DAGs
[2023-07-15T22:05:34.180+0000] {logging_mixin.py:150} INFO - [2023-07-15T22:05:34.179+0000] {dag.py:3508} INFO - Setting next_dagrun for example_dynamic_task_mapping_with_no_taskflow_operators to 2023-07-14T22:05:34.179499+00:00, run_after=2023-07-15T22:05:34.179499+00:00
[2023-07-15T22:05:34.215+0000] {processor.py:179} INFO - Processing /home/airflow/.local/lib/python3.7/site-packages/airflow/example_dags/example_dynamic_task_mapping_with_no_taskflow_operators.py took 0.248 seconds
[2023-07-15T22:06:12.136+0000] {processor.py:157} INFO - Started process (PID=1085) to work on /home/airflow/.local/lib/python3.7/site-packages/airflow/example_dags/example_dynamic_task_mapping_with_no_taskflow_operators.py
[2023-07-15T22:06:12.161+0000] {processor.py:826} INFO - Processing file /home/airflow/.local/lib/python3.7/site-packages/airflow/example_dags/example_dynamic_task_mapping_with_no_taskflow_operators.py for tasks to queue
[2023-07-15T22:06:12.162+0000] {logging_mixin.py:150} INFO - [2023-07-15T22:06:12.162+0000] {dagbag.py:541} INFO - Filling up the DagBag from /home/airflow/.local/lib/python3.7/site-packages/airflow/example_dags/example_dynamic_task_mapping_with_no_taskflow_operators.py
[2023-07-15T22:06:12.243+0000] {processor.py:836} INFO - DAG(s) dict_keys(['example_dynamic_task_mapping_with_no_taskflow_operators']) retrieved from /home/airflow/.local/lib/python3.7/site-packages/airflow/example_dags/example_dynamic_task_mapping_with_no_taskflow_operators.py
[2023-07-15T22:06:12.651+0000] {logging_mixin.py:150} INFO - [2023-07-15T22:06:12.651+0000] {dag.py:2742} INFO - Sync 1 DAGs
[2023-07-15T22:06:12.983+0000] {logging_mixin.py:150} INFO - [2023-07-15T22:06:12.982+0000] {dag.py:3508} INFO - Setting next_dagrun for example_dynamic_task_mapping_with_no_taskflow_operators to 2023-07-14T22:06:12.971825+00:00, run_after=2023-07-15T22:06:12.971825+00:00
[2023-07-15T22:06:13.111+0000] {processor.py:179} INFO - Processing /home/airflow/.local/lib/python3.7/site-packages/airflow/example_dags/example_dynamic_task_mapping_with_no_taskflow_operators.py took 0.988 seconds
