[2023-07-15T22:04:21.321+0000] {processor.py:157} INFO - Started process (PID=304) to work on /home/airflow/.local/lib/python3.7/site-packages/airflow/example_dags/example_local_kubernetes_executor.py
[2023-07-15T22:04:21.323+0000] {processor.py:826} INFO - Processing file /home/airflow/.local/lib/python3.7/site-packages/airflow/example_dags/example_local_kubernetes_executor.py for tasks to queue
[2023-07-15T22:04:21.343+0000] {logging_mixin.py:150} INFO - [2023-07-15T22:04:21.324+0000] {dagbag.py:541} INFO - Filling up the DagBag from /home/airflow/.local/lib/python3.7/site-packages/airflow/example_dags/example_local_kubernetes_executor.py
[2023-07-15T22:04:26.450+0000] {processor.py:836} INFO - DAG(s) dict_keys(['example_local_kubernetes_executor']) retrieved from /home/airflow/.local/lib/python3.7/site-packages/airflow/example_dags/example_local_kubernetes_executor.py
[2023-07-15T22:04:27.521+0000] {logging_mixin.py:150} INFO - [2023-07-15T22:04:27.520+0000] {manager.py:504} INFO - Created Permission View: can delete on DAG:example_local_kubernetes_executor
[2023-07-15T22:04:27.603+0000] {logging_mixin.py:150} INFO - [2023-07-15T22:04:27.602+0000] {manager.py:504} INFO - Created Permission View: can read on DAG:example_local_kubernetes_executor
[2023-07-15T22:04:27.640+0000] {logging_mixin.py:150} INFO - [2023-07-15T22:04:27.640+0000] {manager.py:504} INFO - Created Permission View: can edit on DAG:example_local_kubernetes_executor
[2023-07-15T22:04:27.689+0000] {logging_mixin.py:150} INFO - [2023-07-15T22:04:27.688+0000] {dag.py:2742} INFO - Sync 1 DAGs
[2023-07-15T22:04:27.806+0000] {logging_mixin.py:150} INFO - [2023-07-15T22:04:27.806+0000] {dag.py:2763} INFO - Creating ORM DAG for example_local_kubernetes_executor
[2023-07-15T22:04:27.865+0000] {logging_mixin.py:150} INFO - [2023-07-15T22:04:27.865+0000] {dag.py:3508} INFO - Setting next_dagrun for example_local_kubernetes_executor to None, run_after=None
[2023-07-15T22:04:27.953+0000] {processor.py:179} INFO - Processing /home/airflow/.local/lib/python3.7/site-packages/airflow/example_dags/example_local_kubernetes_executor.py took 6.722 seconds
[2023-07-15T22:04:58.219+0000] {processor.py:157} INFO - Started process (PID=548) to work on /home/airflow/.local/lib/python3.7/site-packages/airflow/example_dags/example_local_kubernetes_executor.py
[2023-07-15T22:04:58.221+0000] {processor.py:826} INFO - Processing file /home/airflow/.local/lib/python3.7/site-packages/airflow/example_dags/example_local_kubernetes_executor.py for tasks to queue
[2023-07-15T22:04:58.222+0000] {logging_mixin.py:150} INFO - [2023-07-15T22:04:58.221+0000] {dagbag.py:541} INFO - Filling up the DagBag from /home/airflow/.local/lib/python3.7/site-packages/airflow/example_dags/example_local_kubernetes_executor.py
[2023-07-15T22:04:58.821+0000] {processor.py:836} INFO - DAG(s) dict_keys(['example_local_kubernetes_executor']) retrieved from /home/airflow/.local/lib/python3.7/site-packages/airflow/example_dags/example_local_kubernetes_executor.py
[2023-07-15T22:04:58.945+0000] {logging_mixin.py:150} INFO - [2023-07-15T22:04:58.945+0000] {dag.py:2742} INFO - Sync 1 DAGs
[2023-07-15T22:04:59.001+0000] {logging_mixin.py:150} INFO - [2023-07-15T22:04:59.001+0000] {dag.py:3508} INFO - Setting next_dagrun for example_local_kubernetes_executor to None, run_after=None
[2023-07-15T22:04:59.032+0000] {processor.py:179} INFO - Processing /home/airflow/.local/lib/python3.7/site-packages/airflow/example_dags/example_local_kubernetes_executor.py took 0.818 seconds
[2023-07-15T22:05:29.621+0000] {processor.py:157} INFO - Started process (PID=792) to work on /home/airflow/.local/lib/python3.7/site-packages/airflow/example_dags/example_local_kubernetes_executor.py
[2023-07-15T22:05:29.623+0000] {processor.py:826} INFO - Processing file /home/airflow/.local/lib/python3.7/site-packages/airflow/example_dags/example_local_kubernetes_executor.py for tasks to queue
[2023-07-15T22:05:29.627+0000] {logging_mixin.py:150} INFO - [2023-07-15T22:05:29.627+0000] {dagbag.py:541} INFO - Filling up the DagBag from /home/airflow/.local/lib/python3.7/site-packages/airflow/example_dags/example_local_kubernetes_executor.py
[2023-07-15T22:05:30.551+0000] {processor.py:836} INFO - DAG(s) dict_keys(['example_local_kubernetes_executor']) retrieved from /home/airflow/.local/lib/python3.7/site-packages/airflow/example_dags/example_local_kubernetes_executor.py
[2023-07-15T22:05:30.614+0000] {logging_mixin.py:150} INFO - [2023-07-15T22:05:30.613+0000] {dag.py:2742} INFO - Sync 1 DAGs
[2023-07-15T22:05:30.744+0000] {logging_mixin.py:150} INFO - [2023-07-15T22:05:30.743+0000] {dag.py:3508} INFO - Setting next_dagrun for example_local_kubernetes_executor to None, run_after=None
[2023-07-15T22:05:30.794+0000] {processor.py:179} INFO - Processing /home/airflow/.local/lib/python3.7/site-packages/airflow/example_dags/example_local_kubernetes_executor.py took 1.178 seconds
[2023-07-15T22:06:01.122+0000] {processor.py:157} INFO - Started process (PID=1034) to work on /home/airflow/.local/lib/python3.7/site-packages/airflow/example_dags/example_local_kubernetes_executor.py
[2023-07-15T22:06:01.130+0000] {processor.py:826} INFO - Processing file /home/airflow/.local/lib/python3.7/site-packages/airflow/example_dags/example_local_kubernetes_executor.py for tasks to queue
[2023-07-15T22:06:01.136+0000] {logging_mixin.py:150} INFO - [2023-07-15T22:06:01.132+0000] {dagbag.py:541} INFO - Filling up the DagBag from /home/airflow/.local/lib/python3.7/site-packages/airflow/example_dags/example_local_kubernetes_executor.py
[2023-07-15T22:06:02.476+0000] {processor.py:836} INFO - DAG(s) dict_keys(['example_local_kubernetes_executor']) retrieved from /home/airflow/.local/lib/python3.7/site-packages/airflow/example_dags/example_local_kubernetes_executor.py
[2023-07-15T22:06:04.997+0000] {logging_mixin.py:150} INFO - [2023-07-15T22:06:04.997+0000] {dag.py:2742} INFO - Sync 1 DAGs
[2023-07-15T22:06:05.262+0000] {logging_mixin.py:150} INFO - [2023-07-15T22:06:05.262+0000] {dag.py:3508} INFO - Setting next_dagrun for example_local_kubernetes_executor to None, run_after=None
[2023-07-15T22:06:05.591+0000] {processor.py:179} INFO - Processing /home/airflow/.local/lib/python3.7/site-packages/airflow/example_dags/example_local_kubernetes_executor.py took 4.484 seconds
