[2023-07-15T22:04:33.500+0000] {processor.py:157} INFO - Started process (PID=364) to work on /home/airflow/.local/lib/python3.7/site-packages/airflow/example_dags/example_branch_python_dop_operator_3.py
[2023-07-15T22:04:33.501+0000] {processor.py:826} INFO - Processing file /home/airflow/.local/lib/python3.7/site-packages/airflow/example_dags/example_branch_python_dop_operator_3.py for tasks to queue
[2023-07-15T22:04:33.506+0000] {logging_mixin.py:150} INFO - [2023-07-15T22:04:33.502+0000] {dagbag.py:541} INFO - Filling up the DagBag from /home/airflow/.local/lib/python3.7/site-packages/airflow/example_dags/example_branch_python_dop_operator_3.py
[2023-07-15T22:04:33.575+0000] {processor.py:836} INFO - DAG(s) dict_keys(['example_branch_dop_operator_v3']) retrieved from /home/airflow/.local/lib/python3.7/site-packages/airflow/example_dags/example_branch_python_dop_operator_3.py
[2023-07-15T22:04:33.958+0000] {logging_mixin.py:150} INFO - [2023-07-15T22:04:33.958+0000] {manager.py:504} INFO - Created Permission View: can delete on DAG:example_branch_dop_operator_v3
[2023-07-15T22:04:34.069+0000] {logging_mixin.py:150} INFO - [2023-07-15T22:04:34.069+0000] {manager.py:504} INFO - Created Permission View: can read on DAG:example_branch_dop_operator_v3
[2023-07-15T22:04:34.094+0000] {logging_mixin.py:150} INFO - [2023-07-15T22:04:34.094+0000] {manager.py:504} INFO - Created Permission View: can edit on DAG:example_branch_dop_operator_v3
[2023-07-15T22:04:34.198+0000] {logging_mixin.py:150} INFO - [2023-07-15T22:04:34.198+0000] {dag.py:2742} INFO - Sync 1 DAGs
[2023-07-15T22:04:34.275+0000] {logging_mixin.py:150} INFO - [2023-07-15T22:04:34.275+0000] {dag.py:2763} INFO - Creating ORM DAG for example_branch_dop_operator_v3
[2023-07-15T22:04:34.341+0000] {logging_mixin.py:150} INFO - [2023-07-15T22:04:34.341+0000] {dag.py:3508} INFO - Setting next_dagrun for example_branch_dop_operator_v3 to 2023-07-15T22:03:00+00:00, run_after=2023-07-15T22:04:00+00:00
[2023-07-15T22:04:34.413+0000] {processor.py:179} INFO - Processing /home/airflow/.local/lib/python3.7/site-packages/airflow/example_dags/example_branch_python_dop_operator_3.py took 0.926 seconds
[2023-07-15T22:05:05.330+0000] {processor.py:157} INFO - Started process (PID=608) to work on /home/airflow/.local/lib/python3.7/site-packages/airflow/example_dags/example_branch_python_dop_operator_3.py
[2023-07-15T22:05:05.332+0000] {processor.py:826} INFO - Processing file /home/airflow/.local/lib/python3.7/site-packages/airflow/example_dags/example_branch_python_dop_operator_3.py for tasks to queue
[2023-07-15T22:05:05.333+0000] {logging_mixin.py:150} INFO - [2023-07-15T22:05:05.333+0000] {dagbag.py:541} INFO - Filling up the DagBag from /home/airflow/.local/lib/python3.7/site-packages/airflow/example_dags/example_branch_python_dop_operator_3.py
[2023-07-15T22:05:05.366+0000] {processor.py:836} INFO - DAG(s) dict_keys(['example_branch_dop_operator_v3']) retrieved from /home/airflow/.local/lib/python3.7/site-packages/airflow/example_dags/example_branch_python_dop_operator_3.py
[2023-07-15T22:05:05.415+0000] {logging_mixin.py:150} INFO - [2023-07-15T22:05:05.415+0000] {dag.py:2742} INFO - Sync 1 DAGs
[2023-07-15T22:05:05.457+0000] {logging_mixin.py:150} INFO - [2023-07-15T22:05:05.457+0000] {dag.py:3508} INFO - Setting next_dagrun for example_branch_dop_operator_v3 to 2023-07-15T22:04:00+00:00, run_after=2023-07-15T22:05:00+00:00
[2023-07-15T22:05:05.493+0000] {processor.py:179} INFO - Processing /home/airflow/.local/lib/python3.7/site-packages/airflow/example_dags/example_branch_python_dop_operator_3.py took 0.169 seconds
[2023-07-15T22:05:35.922+0000] {processor.py:157} INFO - Started process (PID=851) to work on /home/airflow/.local/lib/python3.7/site-packages/airflow/example_dags/example_branch_python_dop_operator_3.py
[2023-07-15T22:05:35.930+0000] {processor.py:826} INFO - Processing file /home/airflow/.local/lib/python3.7/site-packages/airflow/example_dags/example_branch_python_dop_operator_3.py for tasks to queue
[2023-07-15T22:05:35.931+0000] {logging_mixin.py:150} INFO - [2023-07-15T22:05:35.931+0000] {dagbag.py:541} INFO - Filling up the DagBag from /home/airflow/.local/lib/python3.7/site-packages/airflow/example_dags/example_branch_python_dop_operator_3.py
[2023-07-15T22:05:36.073+0000] {processor.py:836} INFO - DAG(s) dict_keys(['example_branch_dop_operator_v3']) retrieved from /home/airflow/.local/lib/python3.7/site-packages/airflow/example_dags/example_branch_python_dop_operator_3.py
[2023-07-15T22:05:36.273+0000] {logging_mixin.py:150} INFO - [2023-07-15T22:05:36.272+0000] {dag.py:2742} INFO - Sync 1 DAGs
[2023-07-15T22:05:36.376+0000] {logging_mixin.py:150} INFO - [2023-07-15T22:05:36.375+0000] {dag.py:3508} INFO - Setting next_dagrun for example_branch_dop_operator_v3 to 2023-07-15T22:04:00+00:00, run_after=2023-07-15T22:05:00+00:00
[2023-07-15T22:05:36.493+0000] {processor.py:179} INFO - Processing /home/airflow/.local/lib/python3.7/site-packages/airflow/example_dags/example_branch_python_dop_operator_3.py took 0.580 seconds
[2023-07-15T22:06:19.419+0000] {processor.py:157} INFO - Started process (PID=1130) to work on /home/airflow/.local/lib/python3.7/site-packages/airflow/example_dags/example_branch_python_dop_operator_3.py
[2023-07-15T22:06:19.422+0000] {processor.py:826} INFO - Processing file /home/airflow/.local/lib/python3.7/site-packages/airflow/example_dags/example_branch_python_dop_operator_3.py for tasks to queue
[2023-07-15T22:06:19.423+0000] {logging_mixin.py:150} INFO - [2023-07-15T22:06:19.423+0000] {dagbag.py:541} INFO - Filling up the DagBag from /home/airflow/.local/lib/python3.7/site-packages/airflow/example_dags/example_branch_python_dop_operator_3.py
[2023-07-15T22:06:19.466+0000] {processor.py:836} INFO - DAG(s) dict_keys(['example_branch_dop_operator_v3']) retrieved from /home/airflow/.local/lib/python3.7/site-packages/airflow/example_dags/example_branch_python_dop_operator_3.py
