[2023-07-15T22:04:03.259+0000] {processor.py:157} INFO - Started process (PID=263) to work on /home/airflow/.local/lib/python3.7/site-packages/airflow/example_dags/example_branch_datetime_operator.py
[2023-07-15T22:04:03.260+0000] {processor.py:826} INFO - Processing file /home/airflow/.local/lib/python3.7/site-packages/airflow/example_dags/example_branch_datetime_operator.py for tasks to queue
[2023-07-15T22:04:03.262+0000] {logging_mixin.py:150} INFO - [2023-07-15T22:04:03.261+0000] {dagbag.py:541} INFO - Filling up the DagBag from /home/airflow/.local/lib/python3.7/site-packages/airflow/example_dags/example_branch_datetime_operator.py
[2023-07-15T22:04:03.486+0000] {processor.py:836} INFO - DAG(s) dict_keys(['example_branch_datetime_operator_3', 'example_branch_datetime_operator_2', 'example_branch_datetime_operator']) retrieved from /home/airflow/.local/lib/python3.7/site-packages/airflow/example_dags/example_branch_datetime_operator.py
[2023-07-15T22:04:04.670+0000] {logging_mixin.py:150} INFO - [2023-07-15T22:04:04.669+0000] {manager.py:504} INFO - Created Permission View: can delete on DAG:example_branch_datetime_operator_3
[2023-07-15T22:04:04.928+0000] {logging_mixin.py:150} INFO - [2023-07-15T22:04:04.923+0000] {manager.py:504} INFO - Created Permission View: can read on DAG:example_branch_datetime_operator_3
[2023-07-15T22:04:04.998+0000] {logging_mixin.py:150} INFO - [2023-07-15T22:04:04.997+0000] {manager.py:504} INFO - Created Permission View: can edit on DAG:example_branch_datetime_operator_3
[2023-07-15T22:04:05.440+0000] {logging_mixin.py:150} INFO - [2023-07-15T22:04:05.440+0000] {manager.py:504} INFO - Created Permission View: can delete on DAG:example_branch_datetime_operator_2
[2023-07-15T22:04:05.515+0000] {logging_mixin.py:150} INFO - [2023-07-15T22:04:05.514+0000] {manager.py:504} INFO - Created Permission View: can read on DAG:example_branch_datetime_operator_2
[2023-07-15T22:04:05.578+0000] {logging_mixin.py:150} INFO - [2023-07-15T22:04:05.576+0000] {manager.py:504} INFO - Created Permission View: can edit on DAG:example_branch_datetime_operator_2
[2023-07-15T22:04:05.679+0000] {logging_mixin.py:150} INFO - [2023-07-15T22:04:05.675+0000] {manager.py:504} INFO - Created Permission View: can delete on DAG:example_branch_datetime_operator
[2023-07-15T22:04:05.769+0000] {logging_mixin.py:150} INFO - [2023-07-15T22:04:05.768+0000] {manager.py:504} INFO - Created Permission View: can read on DAG:example_branch_datetime_operator
[2023-07-15T22:04:05.871+0000] {logging_mixin.py:150} INFO - [2023-07-15T22:04:05.870+0000] {manager.py:504} INFO - Created Permission View: can edit on DAG:example_branch_datetime_operator
[2023-07-15T22:04:06.033+0000] {logging_mixin.py:150} INFO - [2023-07-15T22:04:06.032+0000] {dag.py:2742} INFO - Sync 3 DAGs
[2023-07-15T22:04:06.071+0000] {logging_mixin.py:150} INFO - [2023-07-15T22:04:06.070+0000] {dag.py:2763} INFO - Creating ORM DAG for example_branch_datetime_operator_2
[2023-07-15T22:04:06.075+0000] {logging_mixin.py:150} INFO - [2023-07-15T22:04:06.075+0000] {dag.py:2763} INFO - Creating ORM DAG for example_branch_datetime_operator
[2023-07-15T22:04:06.097+0000] {logging_mixin.py:150} INFO - [2023-07-15T22:04:06.096+0000] {dag.py:2763} INFO - Creating ORM DAG for example_branch_datetime_operator_3
[2023-07-15T22:04:06.313+0000] {logging_mixin.py:150} INFO - [2023-07-15T22:04:06.313+0000] {dag.py:3508} INFO - Setting next_dagrun for example_branch_datetime_operator to 2023-07-14T00:00:00+00:00, run_after=2023-07-15T00:00:00+00:00
[2023-07-15T22:04:06.329+0000] {logging_mixin.py:150} INFO - [2023-07-15T22:04:06.329+0000] {dag.py:3508} INFO - Setting next_dagrun for example_branch_datetime_operator_2 to 2023-07-14T00:00:00+00:00, run_after=2023-07-15T00:00:00+00:00
[2023-07-15T22:04:06.338+0000] {logging_mixin.py:150} INFO - [2023-07-15T22:04:06.332+0000] {dag.py:3508} INFO - Setting next_dagrun for example_branch_datetime_operator_3 to 2023-07-14T00:00:00+00:00, run_after=2023-07-15T00:00:00+00:00
[2023-07-15T22:04:06.466+0000] {processor.py:179} INFO - Processing /home/airflow/.local/lib/python3.7/site-packages/airflow/example_dags/example_branch_datetime_operator.py took 3.212 seconds
[2023-07-15T22:04:45.263+0000] {processor.py:157} INFO - Started process (PID=508) to work on /home/airflow/.local/lib/python3.7/site-packages/airflow/example_dags/example_branch_datetime_operator.py
[2023-07-15T22:04:45.270+0000] {processor.py:826} INFO - Processing file /home/airflow/.local/lib/python3.7/site-packages/airflow/example_dags/example_branch_datetime_operator.py for tasks to queue
[2023-07-15T22:04:45.274+0000] {logging_mixin.py:150} INFO - [2023-07-15T22:04:45.272+0000] {dagbag.py:541} INFO - Filling up the DagBag from /home/airflow/.local/lib/python3.7/site-packages/airflow/example_dags/example_branch_datetime_operator.py
[2023-07-15T22:04:45.339+0000] {processor.py:836} INFO - DAG(s) dict_keys(['example_branch_datetime_operator_2', 'example_branch_datetime_operator', 'example_branch_datetime_operator_3']) retrieved from /home/airflow/.local/lib/python3.7/site-packages/airflow/example_dags/example_branch_datetime_operator.py
[2023-07-15T22:04:45.651+0000] {logging_mixin.py:150} INFO - [2023-07-15T22:04:45.651+0000] {dag.py:2742} INFO - Sync 3 DAGs
[2023-07-15T22:04:45.820+0000] {logging_mixin.py:150} INFO - [2023-07-15T22:04:45.819+0000] {dag.py:3508} INFO - Setting next_dagrun for example_branch_datetime_operator to 2023-07-14T00:00:00+00:00, run_after=2023-07-15T00:00:00+00:00
[2023-07-15T22:04:45.843+0000] {logging_mixin.py:150} INFO - [2023-07-15T22:04:45.842+0000] {dag.py:3508} INFO - Setting next_dagrun for example_branch_datetime_operator_2 to 2023-07-14T00:00:00+00:00, run_after=2023-07-15T00:00:00+00:00
[2023-07-15T22:04:45.854+0000] {logging_mixin.py:150} INFO - [2023-07-15T22:04:45.854+0000] {dag.py:3508} INFO - Setting next_dagrun for example_branch_datetime_operator_3 to 2023-07-14T00:00:00+00:00, run_after=2023-07-15T00:00:00+00:00
[2023-07-15T22:04:46.085+0000] {processor.py:179} INFO - Processing /home/airflow/.local/lib/python3.7/site-packages/airflow/example_dags/example_branch_datetime_operator.py took 0.842 seconds
[2023-07-15T22:05:16.627+0000] {processor.py:157} INFO - Started process (PID=754) to work on /home/airflow/.local/lib/python3.7/site-packages/airflow/example_dags/example_branch_datetime_operator.py
[2023-07-15T22:05:16.633+0000] {processor.py:826} INFO - Processing file /home/airflow/.local/lib/python3.7/site-packages/airflow/example_dags/example_branch_datetime_operator.py for tasks to queue
[2023-07-15T22:05:16.634+0000] {logging_mixin.py:150} INFO - [2023-07-15T22:05:16.634+0000] {dagbag.py:541} INFO - Filling up the DagBag from /home/airflow/.local/lib/python3.7/site-packages/airflow/example_dags/example_branch_datetime_operator.py
[2023-07-15T22:05:16.664+0000] {processor.py:836} INFO - DAG(s) dict_keys(['example_branch_datetime_operator', 'example_branch_datetime_operator_2', 'example_branch_datetime_operator_3']) retrieved from /home/airflow/.local/lib/python3.7/site-packages/airflow/example_dags/example_branch_datetime_operator.py
[2023-07-15T22:05:17.139+0000] {logging_mixin.py:150} INFO - [2023-07-15T22:05:17.138+0000] {dag.py:2742} INFO - Sync 3 DAGs
[2023-07-15T22:05:17.244+0000] {logging_mixin.py:150} INFO - [2023-07-15T22:05:17.244+0000] {dag.py:3508} INFO - Setting next_dagrun for example_branch_datetime_operator to 2023-07-14T00:00:00+00:00, run_after=2023-07-15T00:00:00+00:00
[2023-07-15T22:05:17.259+0000] {logging_mixin.py:150} INFO - [2023-07-15T22:05:17.259+0000] {dag.py:3508} INFO - Setting next_dagrun for example_branch_datetime_operator_2 to 2023-07-14T00:00:00+00:00, run_after=2023-07-15T00:00:00+00:00
[2023-07-15T22:05:17.267+0000] {logging_mixin.py:150} INFO - [2023-07-15T22:05:17.267+0000] {dag.py:3508} INFO - Setting next_dagrun for example_branch_datetime_operator_3 to 2023-07-14T00:00:00+00:00, run_after=2023-07-15T00:00:00+00:00
[2023-07-15T22:05:17.342+0000] {processor.py:179} INFO - Processing /home/airflow/.local/lib/python3.7/site-packages/airflow/example_dags/example_branch_datetime_operator.py took 0.722 seconds
[2023-07-15T22:05:48.414+0000] {processor.py:157} INFO - Started process (PID=995) to work on /home/airflow/.local/lib/python3.7/site-packages/airflow/example_dags/example_branch_datetime_operator.py
[2023-07-15T22:05:48.418+0000] {processor.py:826} INFO - Processing file /home/airflow/.local/lib/python3.7/site-packages/airflow/example_dags/example_branch_datetime_operator.py for tasks to queue
[2023-07-15T22:05:48.419+0000] {logging_mixin.py:150} INFO - [2023-07-15T22:05:48.419+0000] {dagbag.py:541} INFO - Filling up the DagBag from /home/airflow/.local/lib/python3.7/site-packages/airflow/example_dags/example_branch_datetime_operator.py
[2023-07-15T22:05:48.451+0000] {processor.py:836} INFO - DAG(s) dict_keys(['example_branch_datetime_operator_2', 'example_branch_datetime_operator_3', 'example_branch_datetime_operator']) retrieved from /home/airflow/.local/lib/python3.7/site-packages/airflow/example_dags/example_branch_datetime_operator.py
[2023-07-15T22:05:48.525+0000] {logging_mixin.py:150} INFO - [2023-07-15T22:05:48.524+0000] {dag.py:2742} INFO - Sync 3 DAGs
[2023-07-15T22:05:48.613+0000] {logging_mixin.py:150} INFO - [2023-07-15T22:05:48.612+0000] {dag.py:3508} INFO - Setting next_dagrun for example_branch_datetime_operator to 2023-07-14T00:00:00+00:00, run_after=2023-07-15T00:00:00+00:00
[2023-07-15T22:05:48.628+0000] {logging_mixin.py:150} INFO - [2023-07-15T22:05:48.628+0000] {dag.py:3508} INFO - Setting next_dagrun for example_branch_datetime_operator_2 to 2023-07-14T00:00:00+00:00, run_after=2023-07-15T00:00:00+00:00
[2023-07-15T22:05:48.633+0000] {logging_mixin.py:150} INFO - [2023-07-15T22:05:48.633+0000] {dag.py:3508} INFO - Setting next_dagrun for example_branch_datetime_operator_3 to 2023-07-14T00:00:00+00:00, run_after=2023-07-15T00:00:00+00:00
[2023-07-15T22:05:48.697+0000] {processor.py:179} INFO - Processing /home/airflow/.local/lib/python3.7/site-packages/airflow/example_dags/example_branch_datetime_operator.py took 0.291 seconds
