[2023-07-15T22:03:51.266+0000] {processor.py:157} INFO - Started process (PID=182) to work on /home/airflow/.local/lib/python3.7/site-packages/airflow/example_dags/example_branch_operator.py
[2023-07-15T22:03:51.268+0000] {processor.py:826} INFO - Processing file /home/airflow/.local/lib/python3.7/site-packages/airflow/example_dags/example_branch_operator.py for tasks to queue
[2023-07-15T22:03:51.270+0000] {logging_mixin.py:150} INFO - [2023-07-15T22:03:51.269+0000] {dagbag.py:541} INFO - Filling up the DagBag from /home/airflow/.local/lib/python3.7/site-packages/airflow/example_dags/example_branch_operator.py
[2023-07-15T22:03:51.306+0000] {processor.py:836} INFO - DAG(s) dict_keys(['example_branch_operator']) retrieved from /home/airflow/.local/lib/python3.7/site-packages/airflow/example_dags/example_branch_operator.py
[2023-07-15T22:03:51.812+0000] {logging_mixin.py:150} INFO - [2023-07-15T22:03:51.812+0000] {manager.py:504} INFO - Created Permission View: can delete on DAG:example_branch_operator
[2023-07-15T22:03:51.844+0000] {logging_mixin.py:150} INFO - [2023-07-15T22:03:51.844+0000] {manager.py:504} INFO - Created Permission View: can read on DAG:example_branch_operator
[2023-07-15T22:03:51.896+0000] {logging_mixin.py:150} INFO - [2023-07-15T22:03:51.896+0000] {manager.py:504} INFO - Created Permission View: can edit on DAG:example_branch_operator
[2023-07-15T22:03:51.946+0000] {logging_mixin.py:150} INFO - [2023-07-15T22:03:51.946+0000] {dag.py:2742} INFO - Sync 1 DAGs
[2023-07-15T22:03:51.990+0000] {logging_mixin.py:150} INFO - [2023-07-15T22:03:51.990+0000] {dag.py:2763} INFO - Creating ORM DAG for example_branch_operator
[2023-07-15T22:03:52.031+0000] {logging_mixin.py:150} INFO - [2023-07-15T22:03:52.028+0000] {dag.py:3508} INFO - Setting next_dagrun for example_branch_operator to 2023-07-14T00:00:00+00:00, run_after=2023-07-15T00:00:00+00:00
[2023-07-15T22:03:52.075+0000] {processor.py:179} INFO - Processing /home/airflow/.local/lib/python3.7/site-packages/airflow/example_dags/example_branch_operator.py took 0.820 seconds
[2023-07-15T22:04:39.171+0000] {processor.py:157} INFO - Started process (PID=433) to work on /home/airflow/.local/lib/python3.7/site-packages/airflow/example_dags/example_branch_operator.py
[2023-07-15T22:04:39.177+0000] {processor.py:826} INFO - Processing file /home/airflow/.local/lib/python3.7/site-packages/airflow/example_dags/example_branch_operator.py for tasks to queue
[2023-07-15T22:04:39.178+0000] {logging_mixin.py:150} INFO - [2023-07-15T22:04:39.177+0000] {dagbag.py:541} INFO - Filling up the DagBag from /home/airflow/.local/lib/python3.7/site-packages/airflow/example_dags/example_branch_operator.py
[2023-07-15T22:04:39.204+0000] {processor.py:836} INFO - DAG(s) dict_keys(['example_branch_operator']) retrieved from /home/airflow/.local/lib/python3.7/site-packages/airflow/example_dags/example_branch_operator.py
[2023-07-15T22:04:39.283+0000] {logging_mixin.py:150} INFO - [2023-07-15T22:04:39.282+0000] {dag.py:2742} INFO - Sync 1 DAGs
[2023-07-15T22:04:39.421+0000] {logging_mixin.py:150} INFO - [2023-07-15T22:04:39.420+0000] {dag.py:3508} INFO - Setting next_dagrun for example_branch_operator to 2023-07-14T00:00:00+00:00, run_after=2023-07-15T00:00:00+00:00
[2023-07-15T22:04:39.532+0000] {processor.py:179} INFO - Processing /home/airflow/.local/lib/python3.7/site-packages/airflow/example_dags/example_branch_operator.py took 0.365 seconds
[2023-07-15T22:05:10.582+0000] {processor.py:157} INFO - Started process (PID=672) to work on /home/airflow/.local/lib/python3.7/site-packages/airflow/example_dags/example_branch_operator.py
[2023-07-15T22:05:10.585+0000] {processor.py:826} INFO - Processing file /home/airflow/.local/lib/python3.7/site-packages/airflow/example_dags/example_branch_operator.py for tasks to queue
[2023-07-15T22:05:10.586+0000] {logging_mixin.py:150} INFO - [2023-07-15T22:05:10.586+0000] {dagbag.py:541} INFO - Filling up the DagBag from /home/airflow/.local/lib/python3.7/site-packages/airflow/example_dags/example_branch_operator.py
[2023-07-15T22:05:10.651+0000] {processor.py:836} INFO - DAG(s) dict_keys(['example_branch_operator']) retrieved from /home/airflow/.local/lib/python3.7/site-packages/airflow/example_dags/example_branch_operator.py
[2023-07-15T22:05:10.784+0000] {logging_mixin.py:150} INFO - [2023-07-15T22:05:10.783+0000] {dag.py:2742} INFO - Sync 1 DAGs
[2023-07-15T22:05:10.898+0000] {logging_mixin.py:150} INFO - [2023-07-15T22:05:10.898+0000] {dag.py:3508} INFO - Setting next_dagrun for example_branch_operator to 2023-07-14T00:00:00+00:00, run_after=2023-07-15T00:00:00+00:00
[2023-07-15T22:05:10.959+0000] {processor.py:179} INFO - Processing /home/airflow/.local/lib/python3.7/site-packages/airflow/example_dags/example_branch_operator.py took 0.383 seconds
[2023-07-15T22:05:41.639+0000] {processor.py:157} INFO - Started process (PID=915) to work on /home/airflow/.local/lib/python3.7/site-packages/airflow/example_dags/example_branch_operator.py
[2023-07-15T22:05:41.644+0000] {processor.py:826} INFO - Processing file /home/airflow/.local/lib/python3.7/site-packages/airflow/example_dags/example_branch_operator.py for tasks to queue
[2023-07-15T22:05:41.645+0000] {logging_mixin.py:150} INFO - [2023-07-15T22:05:41.644+0000] {dagbag.py:541} INFO - Filling up the DagBag from /home/airflow/.local/lib/python3.7/site-packages/airflow/example_dags/example_branch_operator.py
[2023-07-15T22:05:41.672+0000] {processor.py:836} INFO - DAG(s) dict_keys(['example_branch_operator']) retrieved from /home/airflow/.local/lib/python3.7/site-packages/airflow/example_dags/example_branch_operator.py
[2023-07-15T22:05:41.741+0000] {logging_mixin.py:150} INFO - [2023-07-15T22:05:41.740+0000] {dag.py:2742} INFO - Sync 1 DAGs
[2023-07-15T22:05:41.909+0000] {logging_mixin.py:150} INFO - [2023-07-15T22:05:41.909+0000] {dag.py:3508} INFO - Setting next_dagrun for example_branch_operator to 2023-07-14T00:00:00+00:00, run_after=2023-07-15T00:00:00+00:00
[2023-07-15T22:05:41.975+0000] {processor.py:179} INFO - Processing /home/airflow/.local/lib/python3.7/site-packages/airflow/example_dags/example_branch_operator.py took 0.346 seconds
[2023-07-15T22:06:15.247+0000] {processor.py:157} INFO - Started process (PID=1110) to work on /home/airflow/.local/lib/python3.7/site-packages/airflow/example_dags/example_branch_operator.py
[2023-07-15T22:06:15.252+0000] {processor.py:826} INFO - Processing file /home/airflow/.local/lib/python3.7/site-packages/airflow/example_dags/example_branch_operator.py for tasks to queue
[2023-07-15T22:06:15.253+0000] {logging_mixin.py:150} INFO - [2023-07-15T22:06:15.253+0000] {dagbag.py:541} INFO - Filling up the DagBag from /home/airflow/.local/lib/python3.7/site-packages/airflow/example_dags/example_branch_operator.py
[2023-07-15T22:06:15.390+0000] {processor.py:836} INFO - DAG(s) dict_keys(['example_branch_operator']) retrieved from /home/airflow/.local/lib/python3.7/site-packages/airflow/example_dags/example_branch_operator.py
[2023-07-15T22:06:15.877+0000] {logging_mixin.py:150} INFO - [2023-07-15T22:06:15.865+0000] {dag.py:2742} INFO - Sync 1 DAGs
[2023-07-15T22:06:16.164+0000] {logging_mixin.py:150} INFO - [2023-07-15T22:06:16.164+0000] {dag.py:3508} INFO - Setting next_dagrun for example_branch_operator to 2023-07-14T00:00:00+00:00, run_after=2023-07-15T00:00:00+00:00
[2023-07-15T22:06:16.357+0000] {processor.py:179} INFO - Processing /home/airflow/.local/lib/python3.7/site-packages/airflow/example_dags/example_branch_operator.py took 1.119 seconds
[2023-07-15T22:10:19.961+0000] {processor.py:157} INFO - Started process (PID=189) to work on /home/airflow/.local/lib/python3.7/site-packages/airflow/example_dags/example_branch_operator.py
[2023-07-15T22:10:19.970+0000] {processor.py:826} INFO - Processing file /home/airflow/.local/lib/python3.7/site-packages/airflow/example_dags/example_branch_operator.py for tasks to queue
[2023-07-15T22:10:19.996+0000] {logging_mixin.py:150} INFO - [2023-07-15T22:10:19.971+0000] {dagbag.py:541} INFO - Filling up the DagBag from /home/airflow/.local/lib/python3.7/site-packages/airflow/example_dags/example_branch_operator.py
[2023-07-15T22:10:20.194+0000] {processor.py:836} INFO - DAG(s) dict_keys(['example_branch_operator']) retrieved from /home/airflow/.local/lib/python3.7/site-packages/airflow/example_dags/example_branch_operator.py
[2023-07-15T22:10:20.834+0000] {logging_mixin.py:150} INFO - [2023-07-15T22:10:20.833+0000] {dag.py:2742} INFO - Sync 1 DAGs
[2023-07-15T22:10:21.275+0000] {logging_mixin.py:150} INFO - [2023-07-15T22:10:21.275+0000] {dag.py:3508} INFO - Setting next_dagrun for example_branch_operator to 2023-07-14T00:00:00+00:00, run_after=2023-07-15T00:00:00+00:00
[2023-07-15T22:10:21.558+0000] {processor.py:179} INFO - Processing /home/airflow/.local/lib/python3.7/site-packages/airflow/example_dags/example_branch_operator.py took 1.713 seconds
