[2023-07-15T22:04:33.057+0000] {processor.py:157} INFO - Started process (PID=359) to work on /home/airflow/.local/lib/python3.7/site-packages/airflow/example_dags/example_branch_operator_decorator.py
[2023-07-15T22:04:33.060+0000] {processor.py:826} INFO - Processing file /home/airflow/.local/lib/python3.7/site-packages/airflow/example_dags/example_branch_operator_decorator.py for tasks to queue
[2023-07-15T22:04:33.064+0000] {logging_mixin.py:150} INFO - [2023-07-15T22:04:33.062+0000] {dagbag.py:541} INFO - Filling up the DagBag from /home/airflow/.local/lib/python3.7/site-packages/airflow/example_dags/example_branch_operator_decorator.py
[2023-07-15T22:04:33.151+0000] {processor.py:836} INFO - DAG(s) dict_keys(['example_branch_python_operator_decorator']) retrieved from /home/airflow/.local/lib/python3.7/site-packages/airflow/example_dags/example_branch_operator_decorator.py
[2023-07-15T22:04:33.837+0000] {logging_mixin.py:150} INFO - [2023-07-15T22:04:33.837+0000] {manager.py:504} INFO - Created Permission View: can delete on DAG:example_branch_python_operator_decorator
[2023-07-15T22:04:33.937+0000] {logging_mixin.py:150} INFO - [2023-07-15T22:04:33.937+0000] {manager.py:504} INFO - Created Permission View: can read on DAG:example_branch_python_operator_decorator
[2023-07-15T22:04:34.032+0000] {logging_mixin.py:150} INFO - [2023-07-15T22:04:34.025+0000] {manager.py:504} INFO - Created Permission View: can edit on DAG:example_branch_python_operator_decorator
[2023-07-15T22:04:34.182+0000] {logging_mixin.py:150} INFO - [2023-07-15T22:04:34.182+0000] {dag.py:2742} INFO - Sync 1 DAGs
[2023-07-15T22:04:34.328+0000] {logging_mixin.py:150} INFO - [2023-07-15T22:04:34.328+0000] {dag.py:2763} INFO - Creating ORM DAG for example_branch_python_operator_decorator
[2023-07-15T22:04:34.369+0000] {logging_mixin.py:150} INFO - [2023-07-15T22:04:34.369+0000] {dag.py:3508} INFO - Setting next_dagrun for example_branch_python_operator_decorator to 2023-07-14T00:00:00+00:00, run_after=2023-07-15T00:00:00+00:00
[2023-07-15T22:04:34.453+0000] {processor.py:179} INFO - Processing /home/airflow/.local/lib/python3.7/site-packages/airflow/example_dags/example_branch_operator_decorator.py took 1.408 seconds
[2023-07-15T22:05:05.321+0000] {processor.py:157} INFO - Started process (PID=605) to work on /home/airflow/.local/lib/python3.7/site-packages/airflow/example_dags/example_branch_operator_decorator.py
[2023-07-15T22:05:05.323+0000] {processor.py:826} INFO - Processing file /home/airflow/.local/lib/python3.7/site-packages/airflow/example_dags/example_branch_operator_decorator.py for tasks to queue
[2023-07-15T22:05:05.324+0000] {logging_mixin.py:150} INFO - [2023-07-15T22:05:05.323+0000] {dagbag.py:541} INFO - Filling up the DagBag from /home/airflow/.local/lib/python3.7/site-packages/airflow/example_dags/example_branch_operator_decorator.py
[2023-07-15T22:05:05.358+0000] {processor.py:836} INFO - DAG(s) dict_keys(['example_branch_python_operator_decorator']) retrieved from /home/airflow/.local/lib/python3.7/site-packages/airflow/example_dags/example_branch_operator_decorator.py
[2023-07-15T22:05:05.418+0000] {logging_mixin.py:150} INFO - [2023-07-15T22:05:05.418+0000] {dag.py:2742} INFO - Sync 1 DAGs
[2023-07-15T22:05:05.457+0000] {logging_mixin.py:150} INFO - [2023-07-15T22:05:05.457+0000] {dag.py:3508} INFO - Setting next_dagrun for example_branch_python_operator_decorator to 2023-07-14T00:00:00+00:00, run_after=2023-07-15T00:00:00+00:00
[2023-07-15T22:05:05.517+0000] {processor.py:179} INFO - Processing /home/airflow/.local/lib/python3.7/site-packages/airflow/example_dags/example_branch_operator_decorator.py took 0.200 seconds
[2023-07-15T22:05:35.866+0000] {processor.py:157} INFO - Started process (PID=849) to work on /home/airflow/.local/lib/python3.7/site-packages/airflow/example_dags/example_branch_operator_decorator.py
[2023-07-15T22:05:35.884+0000] {processor.py:826} INFO - Processing file /home/airflow/.local/lib/python3.7/site-packages/airflow/example_dags/example_branch_operator_decorator.py for tasks to queue
[2023-07-15T22:05:35.916+0000] {logging_mixin.py:150} INFO - [2023-07-15T22:05:35.885+0000] {dagbag.py:541} INFO - Filling up the DagBag from /home/airflow/.local/lib/python3.7/site-packages/airflow/example_dags/example_branch_operator_decorator.py
[2023-07-15T22:05:36.000+0000] {processor.py:836} INFO - DAG(s) dict_keys(['example_branch_python_operator_decorator']) retrieved from /home/airflow/.local/lib/python3.7/site-packages/airflow/example_dags/example_branch_operator_decorator.py
[2023-07-15T22:05:36.265+0000] {logging_mixin.py:150} INFO - [2023-07-15T22:05:36.265+0000] {dag.py:2742} INFO - Sync 1 DAGs
[2023-07-15T22:05:36.348+0000] {logging_mixin.py:150} INFO - [2023-07-15T22:05:36.348+0000] {dag.py:3508} INFO - Setting next_dagrun for example_branch_python_operator_decorator to 2023-07-14T00:00:00+00:00, run_after=2023-07-15T00:00:00+00:00
[2023-07-15T22:05:36.480+0000] {processor.py:179} INFO - Processing /home/airflow/.local/lib/python3.7/site-packages/airflow/example_dags/example_branch_operator_decorator.py took 0.639 seconds
[2023-07-15T22:06:18.500+0000] {processor.py:157} INFO - Started process (PID=1125) to work on /home/airflow/.local/lib/python3.7/site-packages/airflow/example_dags/example_branch_operator_decorator.py
[2023-07-15T22:06:18.513+0000] {processor.py:826} INFO - Processing file /home/airflow/.local/lib/python3.7/site-packages/airflow/example_dags/example_branch_operator_decorator.py for tasks to queue
[2023-07-15T22:06:18.514+0000] {logging_mixin.py:150} INFO - [2023-07-15T22:06:18.514+0000] {dagbag.py:541} INFO - Filling up the DagBag from /home/airflow/.local/lib/python3.7/site-packages/airflow/example_dags/example_branch_operator_decorator.py
[2023-07-15T22:06:18.583+0000] {processor.py:836} INFO - DAG(s) dict_keys(['example_branch_python_operator_decorator']) retrieved from /home/airflow/.local/lib/python3.7/site-packages/airflow/example_dags/example_branch_operator_decorator.py
