[2023-07-15T22:03:57.667+0000] {processor.py:157} INFO - Started process (PID=232) to work on /home/airflow/.local/lib/python3.7/site-packages/airflow/example_dags/example_short_circuit_operator.py
[2023-07-15T22:03:57.670+0000] {processor.py:826} INFO - Processing file /home/airflow/.local/lib/python3.7/site-packages/airflow/example_dags/example_short_circuit_operator.py for tasks to queue
[2023-07-15T22:03:57.674+0000] {logging_mixin.py:150} INFO - [2023-07-15T22:03:57.671+0000] {dagbag.py:541} INFO - Filling up the DagBag from /home/airflow/.local/lib/python3.7/site-packages/airflow/example_dags/example_short_circuit_operator.py
[2023-07-15T22:03:57.752+0000] {processor.py:836} INFO - DAG(s) dict_keys(['example_short_circuit_operator']) retrieved from /home/airflow/.local/lib/python3.7/site-packages/airflow/example_dags/example_short_circuit_operator.py
[2023-07-15T22:03:58.692+0000] {logging_mixin.py:150} INFO - [2023-07-15T22:03:58.689+0000] {manager.py:504} INFO - Created Permission View: can delete on DAG:example_short_circuit_operator
[2023-07-15T22:03:58.768+0000] {logging_mixin.py:150} INFO - [2023-07-15T22:03:58.768+0000] {manager.py:504} INFO - Created Permission View: can read on DAG:example_short_circuit_operator
[2023-07-15T22:03:58.867+0000] {logging_mixin.py:150} INFO - [2023-07-15T22:03:58.867+0000] {manager.py:504} INFO - Created Permission View: can edit on DAG:example_short_circuit_operator
[2023-07-15T22:03:59.107+0000] {logging_mixin.py:150} INFO - [2023-07-15T22:03:59.106+0000] {dag.py:2742} INFO - Sync 1 DAGs
[2023-07-15T22:03:59.260+0000] {logging_mixin.py:150} INFO - [2023-07-15T22:03:59.260+0000] {dag.py:2763} INFO - Creating ORM DAG for example_short_circuit_operator
[2023-07-15T22:03:59.315+0000] {logging_mixin.py:150} INFO - [2023-07-15T22:03:59.314+0000] {dag.py:3508} INFO - Setting next_dagrun for example_short_circuit_operator to 2023-07-14T22:03:59.314480+00:00, run_after=2023-07-15T22:03:59.314480+00:00
[2023-07-15T22:03:59.394+0000] {processor.py:179} INFO - Processing /home/airflow/.local/lib/python3.7/site-packages/airflow/example_dags/example_short_circuit_operator.py took 1.749 seconds
[2023-07-15T22:04:43.340+0000] {processor.py:157} INFO - Started process (PID=483) to work on /home/airflow/.local/lib/python3.7/site-packages/airflow/example_dags/example_short_circuit_operator.py
[2023-07-15T22:04:43.348+0000] {processor.py:826} INFO - Processing file /home/airflow/.local/lib/python3.7/site-packages/airflow/example_dags/example_short_circuit_operator.py for tasks to queue
[2023-07-15T22:04:43.350+0000] {logging_mixin.py:150} INFO - [2023-07-15T22:04:43.349+0000] {dagbag.py:541} INFO - Filling up the DagBag from /home/airflow/.local/lib/python3.7/site-packages/airflow/example_dags/example_short_circuit_operator.py
[2023-07-15T22:04:43.375+0000] {processor.py:836} INFO - DAG(s) dict_keys(['example_short_circuit_operator']) retrieved from /home/airflow/.local/lib/python3.7/site-packages/airflow/example_dags/example_short_circuit_operator.py
[2023-07-15T22:04:43.697+0000] {logging_mixin.py:150} INFO - [2023-07-15T22:04:43.689+0000] {dag.py:2742} INFO - Sync 1 DAGs
[2023-07-15T22:04:43.955+0000] {logging_mixin.py:150} INFO - [2023-07-15T22:04:43.954+0000] {dag.py:3508} INFO - Setting next_dagrun for example_short_circuit_operator to 2023-07-14T22:04:43.954511+00:00, run_after=2023-07-15T22:04:43.954511+00:00
[2023-07-15T22:04:44.018+0000] {processor.py:179} INFO - Processing /home/airflow/.local/lib/python3.7/site-packages/airflow/example_dags/example_short_circuit_operator.py took 0.702 seconds
[2023-07-15T22:05:14.849+0000] {processor.py:157} INFO - Started process (PID=729) to work on /home/airflow/.local/lib/python3.7/site-packages/airflow/example_dags/example_short_circuit_operator.py
[2023-07-15T22:05:14.857+0000] {processor.py:826} INFO - Processing file /home/airflow/.local/lib/python3.7/site-packages/airflow/example_dags/example_short_circuit_operator.py for tasks to queue
[2023-07-15T22:05:14.858+0000] {logging_mixin.py:150} INFO - [2023-07-15T22:05:14.858+0000] {dagbag.py:541} INFO - Filling up the DagBag from /home/airflow/.local/lib/python3.7/site-packages/airflow/example_dags/example_short_circuit_operator.py
[2023-07-15T22:05:14.910+0000] {processor.py:836} INFO - DAG(s) dict_keys(['example_short_circuit_operator']) retrieved from /home/airflow/.local/lib/python3.7/site-packages/airflow/example_dags/example_short_circuit_operator.py
[2023-07-15T22:05:15.031+0000] {logging_mixin.py:150} INFO - [2023-07-15T22:05:15.031+0000] {dag.py:2742} INFO - Sync 1 DAGs
[2023-07-15T22:05:15.180+0000] {logging_mixin.py:150} INFO - [2023-07-15T22:05:15.179+0000] {dag.py:3508} INFO - Setting next_dagrun for example_short_circuit_operator to 2023-07-14T22:05:15.179418+00:00, run_after=2023-07-15T22:05:15.179418+00:00
[2023-07-15T22:05:15.245+0000] {processor.py:179} INFO - Processing /home/airflow/.local/lib/python3.7/site-packages/airflow/example_dags/example_short_circuit_operator.py took 0.443 seconds
[2023-07-15T22:05:45.911+0000] {processor.py:157} INFO - Started process (PID=970) to work on /home/airflow/.local/lib/python3.7/site-packages/airflow/example_dags/example_short_circuit_operator.py
[2023-07-15T22:05:45.914+0000] {processor.py:826} INFO - Processing file /home/airflow/.local/lib/python3.7/site-packages/airflow/example_dags/example_short_circuit_operator.py for tasks to queue
[2023-07-15T22:05:45.915+0000] {logging_mixin.py:150} INFO - [2023-07-15T22:05:45.915+0000] {dagbag.py:541} INFO - Filling up the DagBag from /home/airflow/.local/lib/python3.7/site-packages/airflow/example_dags/example_short_circuit_operator.py
[2023-07-15T22:05:45.962+0000] {processor.py:836} INFO - DAG(s) dict_keys(['example_short_circuit_operator']) retrieved from /home/airflow/.local/lib/python3.7/site-packages/airflow/example_dags/example_short_circuit_operator.py
[2023-07-15T22:05:46.139+0000] {logging_mixin.py:150} INFO - [2023-07-15T22:05:46.139+0000] {dag.py:2742} INFO - Sync 1 DAGs
[2023-07-15T22:05:46.280+0000] {logging_mixin.py:150} INFO - [2023-07-15T22:05:46.278+0000] {dag.py:3508} INFO - Setting next_dagrun for example_short_circuit_operator to 2023-07-14T22:05:46.272001+00:00, run_after=2023-07-15T22:05:46.272001+00:00
[2023-07-15T22:05:46.466+0000] {processor.py:179} INFO - Processing /home/airflow/.local/lib/python3.7/site-packages/airflow/example_dags/example_short_circuit_operator.py took 0.567 seconds
