[2023-07-15T22:04:35.246+0000] {processor.py:157} INFO - Started process (PID=376) to work on /home/airflow/.local/lib/python3.7/site-packages/airflow/example_dags/example_skip_dag.py
[2023-07-15T22:04:35.247+0000] {processor.py:826} INFO - Processing file /home/airflow/.local/lib/python3.7/site-packages/airflow/example_dags/example_skip_dag.py for tasks to queue
[2023-07-15T22:04:35.248+0000] {logging_mixin.py:150} INFO - [2023-07-15T22:04:35.247+0000] {dagbag.py:541} INFO - Filling up the DagBag from /home/airflow/.local/lib/python3.7/site-packages/airflow/example_dags/example_skip_dag.py
[2023-07-15T22:04:35.273+0000] {processor.py:836} INFO - DAG(s) dict_keys(['example_skip_dag']) retrieved from /home/airflow/.local/lib/python3.7/site-packages/airflow/example_dags/example_skip_dag.py
[2023-07-15T22:04:35.699+0000] {logging_mixin.py:150} INFO - [2023-07-15T22:04:35.699+0000] {manager.py:504} INFO - Created Permission View: can delete on DAG:example_skip_dag
[2023-07-15T22:04:35.717+0000] {logging_mixin.py:150} INFO - [2023-07-15T22:04:35.717+0000] {manager.py:504} INFO - Created Permission View: can read on DAG:example_skip_dag
[2023-07-15T22:04:35.727+0000] {logging_mixin.py:150} INFO - [2023-07-15T22:04:35.727+0000] {manager.py:504} INFO - Created Permission View: can edit on DAG:example_skip_dag
[2023-07-15T22:04:35.760+0000] {logging_mixin.py:150} INFO - [2023-07-15T22:04:35.760+0000] {dag.py:2742} INFO - Sync 1 DAGs
[2023-07-15T22:04:35.807+0000] {logging_mixin.py:150} INFO - [2023-07-15T22:04:35.806+0000] {dag.py:2763} INFO - Creating ORM DAG for example_skip_dag
[2023-07-15T22:04:35.846+0000] {logging_mixin.py:150} INFO - [2023-07-15T22:04:35.846+0000] {dag.py:3508} INFO - Setting next_dagrun for example_skip_dag to 2023-07-14T22:04:35.845632+00:00, run_after=2023-07-15T22:04:35.845632+00:00
[2023-07-15T22:04:35.908+0000] {processor.py:179} INFO - Processing /home/airflow/.local/lib/python3.7/site-packages/airflow/example_dags/example_skip_dag.py took 0.690 seconds
[2023-07-15T22:05:06.564+0000] {processor.py:157} INFO - Started process (PID=620) to work on /home/airflow/.local/lib/python3.7/site-packages/airflow/example_dags/example_skip_dag.py
[2023-07-15T22:05:06.565+0000] {processor.py:826} INFO - Processing file /home/airflow/.local/lib/python3.7/site-packages/airflow/example_dags/example_skip_dag.py for tasks to queue
[2023-07-15T22:05:06.566+0000] {logging_mixin.py:150} INFO - [2023-07-15T22:05:06.566+0000] {dagbag.py:541} INFO - Filling up the DagBag from /home/airflow/.local/lib/python3.7/site-packages/airflow/example_dags/example_skip_dag.py
[2023-07-15T22:05:06.575+0000] {processor.py:836} INFO - DAG(s) dict_keys(['example_skip_dag']) retrieved from /home/airflow/.local/lib/python3.7/site-packages/airflow/example_dags/example_skip_dag.py
[2023-07-15T22:05:06.613+0000] {logging_mixin.py:150} INFO - [2023-07-15T22:05:06.613+0000] {dag.py:2742} INFO - Sync 1 DAGs
[2023-07-15T22:05:06.665+0000] {logging_mixin.py:150} INFO - [2023-07-15T22:05:06.665+0000] {dag.py:3508} INFO - Setting next_dagrun for example_skip_dag to 2023-07-14T22:05:06.664726+00:00, run_after=2023-07-15T22:05:06.664726+00:00
[2023-07-15T22:05:06.705+0000] {processor.py:179} INFO - Processing /home/airflow/.local/lib/python3.7/site-packages/airflow/example_dags/example_skip_dag.py took 0.145 seconds
[2023-07-15T22:05:36.813+0000] {processor.py:157} INFO - Started process (PID=864) to work on /home/airflow/.local/lib/python3.7/site-packages/airflow/example_dags/example_skip_dag.py
[2023-07-15T22:05:36.815+0000] {processor.py:826} INFO - Processing file /home/airflow/.local/lib/python3.7/site-packages/airflow/example_dags/example_skip_dag.py for tasks to queue
[2023-07-15T22:05:36.818+0000] {logging_mixin.py:150} INFO - [2023-07-15T22:05:36.818+0000] {dagbag.py:541} INFO - Filling up the DagBag from /home/airflow/.local/lib/python3.7/site-packages/airflow/example_dags/example_skip_dag.py
[2023-07-15T22:05:36.845+0000] {processor.py:836} INFO - DAG(s) dict_keys(['example_skip_dag']) retrieved from /home/airflow/.local/lib/python3.7/site-packages/airflow/example_dags/example_skip_dag.py
[2023-07-15T22:05:36.974+0000] {logging_mixin.py:150} INFO - [2023-07-15T22:05:36.974+0000] {dag.py:2742} INFO - Sync 1 DAGs
[2023-07-15T22:05:37.062+0000] {logging_mixin.py:150} INFO - [2023-07-15T22:05:37.062+0000] {dag.py:3508} INFO - Setting next_dagrun for example_skip_dag to 2023-07-14T22:05:37.061832+00:00, run_after=2023-07-15T22:05:37.061832+00:00
[2023-07-15T22:05:37.181+0000] {processor.py:179} INFO - Processing /home/airflow/.local/lib/python3.7/site-packages/airflow/example_dags/example_skip_dag.py took 0.373 seconds
[2023-07-15T22:07:10.127+0000] {processor.py:157} INFO - Started process (PID=1136) to work on /home/airflow/.local/lib/python3.7/site-packages/airflow/example_dags/example_skip_dag.py
[2023-07-15T22:07:10.129+0000] {processor.py:826} INFO - Processing file /home/airflow/.local/lib/python3.7/site-packages/airflow/example_dags/example_skip_dag.py for tasks to queue
[2023-07-15T22:07:10.176+0000] {logging_mixin.py:150} INFO - [2023-07-15T22:07:10.176+0000] {dagbag.py:541} INFO - Filling up the DagBag from /home/airflow/.local/lib/python3.7/site-packages/airflow/example_dags/example_skip_dag.py
[2023-07-15T22:07:10.268+0000] {processor.py:836} INFO - DAG(s) dict_keys(['example_skip_dag']) retrieved from /home/airflow/.local/lib/python3.7/site-packages/airflow/example_dags/example_skip_dag.py
