[2023-07-15T22:04:09.609+0000] {processor.py:157} INFO - Started process (PID=289) to work on /home/airflow/.local/lib/python3.7/site-packages/airflow/example_dags/example_sensors.py
[2023-07-15T22:04:09.610+0000] {processor.py:826} INFO - Processing file /home/airflow/.local/lib/python3.7/site-packages/airflow/example_dags/example_sensors.py for tasks to queue
[2023-07-15T22:04:09.622+0000] {logging_mixin.py:150} INFO - [2023-07-15T22:04:09.621+0000] {dagbag.py:541} INFO - Filling up the DagBag from /home/airflow/.local/lib/python3.7/site-packages/airflow/example_dags/example_sensors.py
[2023-07-15T22:04:09.735+0000] {processor.py:836} INFO - DAG(s) dict_keys(['example_sensors']) retrieved from /home/airflow/.local/lib/python3.7/site-packages/airflow/example_dags/example_sensors.py
[2023-07-15T22:04:10.501+0000] {logging_mixin.py:150} INFO - [2023-07-15T22:04:10.501+0000] {manager.py:504} INFO - Created Permission View: can delete on DAG:example_sensors
[2023-07-15T22:04:10.547+0000] {logging_mixin.py:150} INFO - [2023-07-15T22:04:10.547+0000] {manager.py:504} INFO - Created Permission View: can read on DAG:example_sensors
[2023-07-15T22:04:10.611+0000] {logging_mixin.py:150} INFO - [2023-07-15T22:04:10.611+0000] {manager.py:504} INFO - Created Permission View: can edit on DAG:example_sensors
[2023-07-15T22:04:10.741+0000] {logging_mixin.py:150} INFO - [2023-07-15T22:04:10.741+0000] {dag.py:2742} INFO - Sync 1 DAGs
[2023-07-15T22:04:10.773+0000] {logging_mixin.py:150} INFO - [2023-07-15T22:04:10.773+0000] {dag.py:2763} INFO - Creating ORM DAG for example_sensors
[2023-07-15T22:04:10.802+0000] {logging_mixin.py:150} INFO - [2023-07-15T22:04:10.801+0000] {dag.py:3508} INFO - Setting next_dagrun for example_sensors to None, run_after=None
[2023-07-15T22:04:11.034+0000] {processor.py:179} INFO - Processing /home/airflow/.local/lib/python3.7/site-packages/airflow/example_dags/example_sensors.py took 1.512 seconds
[2023-07-15T22:04:47.123+0000] {processor.py:157} INFO - Started process (PID=533) to work on /home/airflow/.local/lib/python3.7/site-packages/airflow/example_dags/example_sensors.py
[2023-07-15T22:04:47.128+0000] {processor.py:826} INFO - Processing file /home/airflow/.local/lib/python3.7/site-packages/airflow/example_dags/example_sensors.py for tasks to queue
[2023-07-15T22:04:47.129+0000] {logging_mixin.py:150} INFO - [2023-07-15T22:04:47.129+0000] {dagbag.py:541} INFO - Filling up the DagBag from /home/airflow/.local/lib/python3.7/site-packages/airflow/example_dags/example_sensors.py
[2023-07-15T22:04:47.169+0000] {processor.py:836} INFO - DAG(s) dict_keys(['example_sensors']) retrieved from /home/airflow/.local/lib/python3.7/site-packages/airflow/example_dags/example_sensors.py
[2023-07-15T22:04:47.238+0000] {logging_mixin.py:150} INFO - [2023-07-15T22:04:47.238+0000] {dag.py:2742} INFO - Sync 1 DAGs
[2023-07-15T22:04:47.271+0000] {logging_mixin.py:150} INFO - [2023-07-15T22:04:47.270+0000] {dag.py:3508} INFO - Setting next_dagrun for example_sensors to None, run_after=None
[2023-07-15T22:04:47.460+0000] {processor.py:179} INFO - Processing /home/airflow/.local/lib/python3.7/site-packages/airflow/example_dags/example_sensors.py took 0.341 seconds
[2023-07-15T22:05:18.234+0000] {processor.py:157} INFO - Started process (PID=777) to work on /home/airflow/.local/lib/python3.7/site-packages/airflow/example_dags/example_sensors.py
[2023-07-15T22:05:18.238+0000] {processor.py:826} INFO - Processing file /home/airflow/.local/lib/python3.7/site-packages/airflow/example_dags/example_sensors.py for tasks to queue
[2023-07-15T22:05:18.240+0000] {logging_mixin.py:150} INFO - [2023-07-15T22:05:18.239+0000] {dagbag.py:541} INFO - Filling up the DagBag from /home/airflow/.local/lib/python3.7/site-packages/airflow/example_dags/example_sensors.py
[2023-07-15T22:05:18.259+0000] {processor.py:836} INFO - DAG(s) dict_keys(['example_sensors']) retrieved from /home/airflow/.local/lib/python3.7/site-packages/airflow/example_dags/example_sensors.py
[2023-07-15T22:05:18.325+0000] {logging_mixin.py:150} INFO - [2023-07-15T22:05:18.324+0000] {dag.py:2742} INFO - Sync 1 DAGs
[2023-07-15T22:05:18.391+0000] {logging_mixin.py:150} INFO - [2023-07-15T22:05:18.391+0000] {dag.py:3508} INFO - Setting next_dagrun for example_sensors to None, run_after=None
[2023-07-15T22:05:18.464+0000] {processor.py:179} INFO - Processing /home/airflow/.local/lib/python3.7/site-packages/airflow/example_dags/example_sensors.py took 0.234 seconds
[2023-07-15T22:05:49.329+0000] {processor.py:157} INFO - Started process (PID=1020) to work on /home/airflow/.local/lib/python3.7/site-packages/airflow/example_dags/example_sensors.py
[2023-07-15T22:05:49.331+0000] {processor.py:826} INFO - Processing file /home/airflow/.local/lib/python3.7/site-packages/airflow/example_dags/example_sensors.py for tasks to queue
[2023-07-15T22:05:49.341+0000] {logging_mixin.py:150} INFO - [2023-07-15T22:05:49.340+0000] {dagbag.py:541} INFO - Filling up the DagBag from /home/airflow/.local/lib/python3.7/site-packages/airflow/example_dags/example_sensors.py
[2023-07-15T22:05:49.369+0000] {processor.py:836} INFO - DAG(s) dict_keys(['example_sensors']) retrieved from /home/airflow/.local/lib/python3.7/site-packages/airflow/example_dags/example_sensors.py
[2023-07-15T22:05:49.439+0000] {logging_mixin.py:150} INFO - [2023-07-15T22:05:49.439+0000] {dag.py:2742} INFO - Sync 1 DAGs
[2023-07-15T22:05:49.535+0000] {logging_mixin.py:150} INFO - [2023-07-15T22:05:49.534+0000] {dag.py:3508} INFO - Setting next_dagrun for example_sensors to None, run_after=None
[2023-07-15T22:05:49.594+0000] {processor.py:179} INFO - Processing /home/airflow/.local/lib/python3.7/site-packages/airflow/example_dags/example_sensors.py took 0.270 seconds
