[2023-07-15T22:03:59.566+0000] {processor.py:157} INFO - Started process (PID=242) to work on /home/airflow/.local/lib/python3.7/site-packages/airflow/example_dags/tutorial.py
[2023-07-15T22:03:59.567+0000] {processor.py:826} INFO - Processing file /home/airflow/.local/lib/python3.7/site-packages/airflow/example_dags/tutorial.py for tasks to queue
[2023-07-15T22:03:59.579+0000] {logging_mixin.py:150} INFO - [2023-07-15T22:03:59.578+0000] {dagbag.py:541} INFO - Filling up the DagBag from /home/airflow/.local/lib/python3.7/site-packages/airflow/example_dags/tutorial.py
[2023-07-15T22:03:59.676+0000] {processor.py:836} INFO - DAG(s) dict_keys(['tutorial']) retrieved from /home/airflow/.local/lib/python3.7/site-packages/airflow/example_dags/tutorial.py
[2023-07-15T22:04:00.469+0000] {logging_mixin.py:150} INFO - [2023-07-15T22:04:00.468+0000] {manager.py:504} INFO - Created Permission View: can delete on DAG:tutorial
[2023-07-15T22:04:00.589+0000] {logging_mixin.py:150} INFO - [2023-07-15T22:04:00.589+0000] {manager.py:504} INFO - Created Permission View: can read on DAG:tutorial
[2023-07-15T22:04:00.654+0000] {logging_mixin.py:150} INFO - [2023-07-15T22:04:00.654+0000] {manager.py:504} INFO - Created Permission View: can edit on DAG:tutorial
[2023-07-15T22:04:00.842+0000] {logging_mixin.py:150} INFO - [2023-07-15T22:04:00.842+0000] {dag.py:2742} INFO - Sync 1 DAGs
[2023-07-15T22:04:01.040+0000] {logging_mixin.py:150} INFO - [2023-07-15T22:04:01.040+0000] {dag.py:2763} INFO - Creating ORM DAG for tutorial
[2023-07-15T22:04:01.167+0000] {logging_mixin.py:150} INFO - [2023-07-15T22:04:01.166+0000] {dag.py:3508} INFO - Setting next_dagrun for tutorial to 2023-07-14T22:04:01.166183+00:00, run_after=2023-07-15T22:04:01.166183+00:00
[2023-07-15T22:04:01.263+0000] {processor.py:179} INFO - Processing /home/airflow/.local/lib/python3.7/site-packages/airflow/example_dags/tutorial.py took 1.738 seconds
[2023-07-15T22:04:44.197+0000] {processor.py:157} INFO - Started process (PID=493) to work on /home/airflow/.local/lib/python3.7/site-packages/airflow/example_dags/tutorial.py
[2023-07-15T22:04:44.201+0000] {processor.py:826} INFO - Processing file /home/airflow/.local/lib/python3.7/site-packages/airflow/example_dags/tutorial.py for tasks to queue
[2023-07-15T22:04:44.205+0000] {logging_mixin.py:150} INFO - [2023-07-15T22:04:44.203+0000] {dagbag.py:541} INFO - Filling up the DagBag from /home/airflow/.local/lib/python3.7/site-packages/airflow/example_dags/tutorial.py
[2023-07-15T22:04:44.252+0000] {processor.py:836} INFO - DAG(s) dict_keys(['tutorial']) retrieved from /home/airflow/.local/lib/python3.7/site-packages/airflow/example_dags/tutorial.py
[2023-07-15T22:04:44.435+0000] {logging_mixin.py:150} INFO - [2023-07-15T22:04:44.435+0000] {dag.py:2742} INFO - Sync 1 DAGs
[2023-07-15T22:04:44.683+0000] {logging_mixin.py:150} INFO - [2023-07-15T22:04:44.683+0000] {dag.py:3508} INFO - Setting next_dagrun for tutorial to 2023-07-14T22:04:44.683149+00:00, run_after=2023-07-15T22:04:44.683149+00:00
[2023-07-15T22:04:44.887+0000] {processor.py:179} INFO - Processing /home/airflow/.local/lib/python3.7/site-packages/airflow/example_dags/tutorial.py took 0.695 seconds
[2023-07-15T22:05:15.374+0000] {processor.py:157} INFO - Started process (PID=737) to work on /home/airflow/.local/lib/python3.7/site-packages/airflow/example_dags/tutorial.py
[2023-07-15T22:05:15.377+0000] {processor.py:826} INFO - Processing file /home/airflow/.local/lib/python3.7/site-packages/airflow/example_dags/tutorial.py for tasks to queue
[2023-07-15T22:05:15.378+0000] {logging_mixin.py:150} INFO - [2023-07-15T22:05:15.377+0000] {dagbag.py:541} INFO - Filling up the DagBag from /home/airflow/.local/lib/python3.7/site-packages/airflow/example_dags/tutorial.py
[2023-07-15T22:05:15.406+0000] {processor.py:836} INFO - DAG(s) dict_keys(['tutorial']) retrieved from /home/airflow/.local/lib/python3.7/site-packages/airflow/example_dags/tutorial.py
[2023-07-15T22:05:15.503+0000] {logging_mixin.py:150} INFO - [2023-07-15T22:05:15.503+0000] {dag.py:2742} INFO - Sync 1 DAGs
[2023-07-15T22:05:15.583+0000] {logging_mixin.py:150} INFO - [2023-07-15T22:05:15.583+0000] {dag.py:3508} INFO - Setting next_dagrun for tutorial to 2023-07-14T22:05:15.582770+00:00, run_after=2023-07-15T22:05:15.582770+00:00
[2023-07-15T22:05:15.686+0000] {processor.py:179} INFO - Processing /home/airflow/.local/lib/python3.7/site-packages/airflow/example_dags/tutorial.py took 0.329 seconds
[2023-07-15T22:05:47.344+0000] {processor.py:157} INFO - Started process (PID=980) to work on /home/airflow/.local/lib/python3.7/site-packages/airflow/example_dags/tutorial.py
[2023-07-15T22:05:47.362+0000] {processor.py:826} INFO - Processing file /home/airflow/.local/lib/python3.7/site-packages/airflow/example_dags/tutorial.py for tasks to queue
[2023-07-15T22:05:47.364+0000] {logging_mixin.py:150} INFO - [2023-07-15T22:05:47.363+0000] {dagbag.py:541} INFO - Filling up the DagBag from /home/airflow/.local/lib/python3.7/site-packages/airflow/example_dags/tutorial.py
[2023-07-15T22:05:47.431+0000] {processor.py:836} INFO - DAG(s) dict_keys(['tutorial']) retrieved from /home/airflow/.local/lib/python3.7/site-packages/airflow/example_dags/tutorial.py
[2023-07-15T22:05:47.766+0000] {logging_mixin.py:150} INFO - [2023-07-15T22:05:47.765+0000] {dag.py:2742} INFO - Sync 1 DAGs
[2023-07-15T22:05:47.904+0000] {logging_mixin.py:150} INFO - [2023-07-15T22:05:47.903+0000] {dag.py:3508} INFO - Setting next_dagrun for tutorial to 2023-07-14T22:05:47.903503+00:00, run_after=2023-07-15T22:05:47.903503+00:00
[2023-07-15T22:05:48.002+0000] {processor.py:179} INFO - Processing /home/airflow/.local/lib/python3.7/site-packages/airflow/example_dags/tutorial.py took 0.691 seconds
