[2023-07-15T22:03:48.723+0000] {processor.py:157} INFO - Started process (PID=166) to work on /home/airflow/.local/lib/python3.7/site-packages/airflow/example_dags/tutorial_dag.py
[2023-07-15T22:03:48.725+0000] {processor.py:826} INFO - Processing file /home/airflow/.local/lib/python3.7/site-packages/airflow/example_dags/tutorial_dag.py for tasks to queue
[2023-07-15T22:03:48.726+0000] {logging_mixin.py:150} INFO - [2023-07-15T22:03:48.726+0000] {dagbag.py:541} INFO - Filling up the DagBag from /home/airflow/.local/lib/python3.7/site-packages/airflow/example_dags/tutorial_dag.py
[2023-07-15T22:03:49.044+0000] {processor.py:836} INFO - DAG(s) dict_keys(['tutorial_dag']) retrieved from /home/airflow/.local/lib/python3.7/site-packages/airflow/example_dags/tutorial_dag.py
[2023-07-15T22:03:50.974+0000] {logging_mixin.py:150} INFO - [2023-07-15T22:03:50.974+0000] {manager.py:504} INFO - Created Permission View: can delete on DAG:tutorial_dag
[2023-07-15T22:03:50.994+0000] {logging_mixin.py:150} INFO - [2023-07-15T22:03:50.994+0000] {manager.py:504} INFO - Created Permission View: can read on DAG:tutorial_dag
[2023-07-15T22:03:51.005+0000] {logging_mixin.py:150} INFO - [2023-07-15T22:03:51.004+0000] {manager.py:504} INFO - Created Permission View: can edit on DAG:tutorial_dag
[2023-07-15T22:03:51.039+0000] {logging_mixin.py:150} INFO - [2023-07-15T22:03:51.038+0000] {dag.py:2742} INFO - Sync 1 DAGs
[2023-07-15T22:03:51.069+0000] {logging_mixin.py:150} INFO - [2023-07-15T22:03:51.069+0000] {dag.py:2763} INFO - Creating ORM DAG for tutorial_dag
[2023-07-15T22:03:51.105+0000] {logging_mixin.py:150} INFO - [2023-07-15T22:03:51.104+0000] {dag.py:3508} INFO - Setting next_dagrun for tutorial_dag to None, run_after=None
[2023-07-15T22:03:51.157+0000] {processor.py:179} INFO - Processing /home/airflow/.local/lib/python3.7/site-packages/airflow/example_dags/tutorial_dag.py took 2.507 seconds
[2023-07-15T22:04:37.222+0000] {processor.py:157} INFO - Started process (PID=410) to work on /home/airflow/.local/lib/python3.7/site-packages/airflow/example_dags/tutorial_dag.py
[2023-07-15T22:04:37.232+0000] {processor.py:826} INFO - Processing file /home/airflow/.local/lib/python3.7/site-packages/airflow/example_dags/tutorial_dag.py for tasks to queue
[2023-07-15T22:04:37.233+0000] {logging_mixin.py:150} INFO - [2023-07-15T22:04:37.233+0000] {dagbag.py:541} INFO - Filling up the DagBag from /home/airflow/.local/lib/python3.7/site-packages/airflow/example_dags/tutorial_dag.py
[2023-07-15T22:04:37.268+0000] {processor.py:836} INFO - DAG(s) dict_keys(['tutorial_dag']) retrieved from /home/airflow/.local/lib/python3.7/site-packages/airflow/example_dags/tutorial_dag.py
[2023-07-15T22:04:37.393+0000] {logging_mixin.py:150} INFO - [2023-07-15T22:04:37.393+0000] {dag.py:2742} INFO - Sync 1 DAGs
[2023-07-15T22:04:37.553+0000] {logging_mixin.py:150} INFO - [2023-07-15T22:04:37.553+0000] {dag.py:3508} INFO - Setting next_dagrun for tutorial_dag to None, run_after=None
[2023-07-15T22:04:37.787+0000] {processor.py:179} INFO - Processing /home/airflow/.local/lib/python3.7/site-packages/airflow/example_dags/tutorial_dag.py took 0.599 seconds
[2023-07-15T22:05:07.987+0000] {processor.py:157} INFO - Started process (PID=648) to work on /home/airflow/.local/lib/python3.7/site-packages/airflow/example_dags/tutorial_dag.py
[2023-07-15T22:05:07.992+0000] {processor.py:826} INFO - Processing file /home/airflow/.local/lib/python3.7/site-packages/airflow/example_dags/tutorial_dag.py for tasks to queue
[2023-07-15T22:05:07.995+0000] {logging_mixin.py:150} INFO - [2023-07-15T22:05:07.994+0000] {dagbag.py:541} INFO - Filling up the DagBag from /home/airflow/.local/lib/python3.7/site-packages/airflow/example_dags/tutorial_dag.py
[2023-07-15T22:05:08.004+0000] {processor.py:836} INFO - DAG(s) dict_keys(['tutorial_dag']) retrieved from /home/airflow/.local/lib/python3.7/site-packages/airflow/example_dags/tutorial_dag.py
[2023-07-15T22:05:08.144+0000] {logging_mixin.py:150} INFO - [2023-07-15T22:05:08.142+0000] {dag.py:2742} INFO - Sync 1 DAGs
[2023-07-15T22:05:08.188+0000] {logging_mixin.py:150} INFO - [2023-07-15T22:05:08.188+0000] {dag.py:3508} INFO - Setting next_dagrun for tutorial_dag to None, run_after=None
[2023-07-15T22:05:08.233+0000] {processor.py:179} INFO - Processing /home/airflow/.local/lib/python3.7/site-packages/airflow/example_dags/tutorial_dag.py took 0.250 seconds
[2023-07-15T22:05:38.863+0000] {processor.py:157} INFO - Started process (PID=892) to work on /home/airflow/.local/lib/python3.7/site-packages/airflow/example_dags/tutorial_dag.py
[2023-07-15T22:05:38.875+0000] {processor.py:826} INFO - Processing file /home/airflow/.local/lib/python3.7/site-packages/airflow/example_dags/tutorial_dag.py for tasks to queue
[2023-07-15T22:05:38.876+0000] {logging_mixin.py:150} INFO - [2023-07-15T22:05:38.876+0000] {dagbag.py:541} INFO - Filling up the DagBag from /home/airflow/.local/lib/python3.7/site-packages/airflow/example_dags/tutorial_dag.py
[2023-07-15T22:05:38.926+0000] {processor.py:836} INFO - DAG(s) dict_keys(['tutorial_dag']) retrieved from /home/airflow/.local/lib/python3.7/site-packages/airflow/example_dags/tutorial_dag.py
[2023-07-15T22:05:39.025+0000] {logging_mixin.py:150} INFO - [2023-07-15T22:05:39.025+0000] {dag.py:2742} INFO - Sync 1 DAGs
[2023-07-15T22:05:39.106+0000] {logging_mixin.py:150} INFO - [2023-07-15T22:05:39.106+0000] {dag.py:3508} INFO - Setting next_dagrun for tutorial_dag to None, run_after=None
[2023-07-15T22:05:39.161+0000] {processor.py:179} INFO - Processing /home/airflow/.local/lib/python3.7/site-packages/airflow/example_dags/tutorial_dag.py took 0.315 seconds
[2023-07-15T22:06:13.211+0000] {processor.py:157} INFO - Started process (PID=1095) to work on /home/airflow/.local/lib/python3.7/site-packages/airflow/example_dags/tutorial_dag.py
[2023-07-15T22:06:13.213+0000] {processor.py:826} INFO - Processing file /home/airflow/.local/lib/python3.7/site-packages/airflow/example_dags/tutorial_dag.py for tasks to queue
[2023-07-15T22:06:13.214+0000] {logging_mixin.py:150} INFO - [2023-07-15T22:06:13.214+0000] {dagbag.py:541} INFO - Filling up the DagBag from /home/airflow/.local/lib/python3.7/site-packages/airflow/example_dags/tutorial_dag.py
[2023-07-15T22:06:13.240+0000] {processor.py:836} INFO - DAG(s) dict_keys(['tutorial_dag']) retrieved from /home/airflow/.local/lib/python3.7/site-packages/airflow/example_dags/tutorial_dag.py
[2023-07-15T22:06:13.522+0000] {logging_mixin.py:150} INFO - [2023-07-15T22:06:13.522+0000] {dag.py:2742} INFO - Sync 1 DAGs
[2023-07-15T22:06:13.778+0000] {logging_mixin.py:150} INFO - [2023-07-15T22:06:13.778+0000] {dag.py:3508} INFO - Setting next_dagrun for tutorial_dag to None, run_after=None
[2023-07-15T22:06:14.024+0000] {processor.py:179} INFO - Processing /home/airflow/.local/lib/python3.7/site-packages/airflow/example_dags/tutorial_dag.py took 0.818 seconds
[2023-07-15T22:10:17.524+0000] {processor.py:157} INFO - Started process (PID=174) to work on /home/airflow/.local/lib/python3.7/site-packages/airflow/example_dags/tutorial_dag.py
[2023-07-15T22:10:17.528+0000] {processor.py:826} INFO - Processing file /home/airflow/.local/lib/python3.7/site-packages/airflow/example_dags/tutorial_dag.py for tasks to queue
[2023-07-15T22:10:17.529+0000] {logging_mixin.py:150} INFO - [2023-07-15T22:10:17.529+0000] {dagbag.py:541} INFO - Filling up the DagBag from /home/airflow/.local/lib/python3.7/site-packages/airflow/example_dags/tutorial_dag.py
[2023-07-15T22:10:17.897+0000] {processor.py:836} INFO - DAG(s) dict_keys(['tutorial_dag']) retrieved from /home/airflow/.local/lib/python3.7/site-packages/airflow/example_dags/tutorial_dag.py
[2023-07-15T22:10:18.620+0000] {logging_mixin.py:150} INFO - [2023-07-15T22:10:18.620+0000] {dag.py:2742} INFO - Sync 1 DAGs
[2023-07-15T22:10:18.953+0000] {logging_mixin.py:150} INFO - [2023-07-15T22:10:18.952+0000] {dag.py:3508} INFO - Setting next_dagrun for tutorial_dag to None, run_after=None
[2023-07-15T22:10:19.434+0000] {processor.py:179} INFO - Processing /home/airflow/.local/lib/python3.7/site-packages/airflow/example_dags/tutorial_dag.py took 1.982 seconds
